INFO: 2025-12-12 18:57:58,114: main() 'Using profile folder /home/LoOtGobLiN/.config/variety/'
INFO: 2025-12-12 18:57:58,120: perform_upgrade() 'Last run version was 0.8.12 or earlier, current version is 0.8.12'
INFO: 2025-12-12 18:57:58,371: process_command() 'Received command: []'
INFO: 2025-12-12 18:57:58,373: start() 'Using data_path /usr/share/variety'
INFO: 2025-12-12 18:57:58,373: load() 'Jumble loading'
INFO: 2025-12-12 18:57:58,374: _walk_modules() 'Jumble loading module in __init__ from /usr/lib/python3/dist-packages/variety/plugins/builtin/__init__.py'
INFO: 2025-12-12 18:57:58,377: _walk_modules() 'Jumble loading module in QuotationsPageSource from /usr/lib/python3/dist-packages/variety/plugins/builtin/quotes/QuotationsPageSource.py'
INFO: 2025-12-12 18:57:58,434: load() 'Jumble found plugin class: <class 'QuotationsPageSource.QuotationsPageSource'>: {'name': 'TheQuotationsPage.com', 'description': 'Fetches quotes from TheQuotationsPage.com', 'author': 'Peter Levi', 'version': '0.1'}'
INFO: 2025-12-12 18:57:58,434: _walk_modules() 'Jumble loading module in __init__ from /usr/lib/python3/dist-packages/variety/plugins/builtin/quotes/__init__.py'
INFO: 2025-12-12 18:57:58,435: _walk_modules() 'Jumble loading module in GoodreadsSource from /usr/lib/python3/dist-packages/variety/plugins/builtin/quotes/GoodreadsSource.py'
INFO: 2025-12-12 18:57:58,437: load() 'Jumble found plugin class: <class 'GoodreadsSource.GoodreadsSource'>: {'name': 'Goodreads', 'description': 'Fetches quotes from Goodreads.com', 'author': 'Peter Levi', 'version': '0.1'}'
INFO: 2025-12-12 18:57:58,437: _walk_modules() 'Jumble loading module in FortuneSource from /usr/lib/python3/dist-packages/variety/plugins/builtin/quotes/FortuneSource.py'
INFO: 2025-12-12 18:57:58,439: load() 'Jumble found plugin class: <class 'FortuneSource.FortuneSource'>: {'name': 'UNIX fortune program', 'description': 'Displays quotes using the UNIX fortune program. You may want to install additional fortune packs, e.g. fortunes-bofh-excuses.', 'author': 'Dan Jones', 'version': '0.1'}'
INFO: 2025-12-12 18:57:58,439: _walk_modules() 'Jumble loading module in LocalFilesSource from /usr/lib/python3/dist-packages/variety/plugins/builtin/quotes/LocalFilesSource.py'
INFO: 2025-12-12 18:57:58,440: load() 'Jumble found plugin class: <class 'LocalFilesSource.LocalFilesSource'>: {'name': 'Local text files', 'description': 'Displays quotes, defined in local text files.\nPut your own txt files in: ~/.config/variety/pluginconfig/quotes/.\nThe file format is:\n\nquote -- author\n.\nsecond quote -- another author\n.\netc...\n\nExample: http://rvelthuis.de/zips/quotes.txt', 'author': 'Peter Levi', 'version': '0.1'}'
INFO: 2025-12-12 18:57:58,440: _walk_modules() 'Jumble loading module in UrbanDictionarySource from /usr/lib/python3/dist-packages/variety/plugins/builtin/quotes/UrbanDictionarySource.py'
INFO: 2025-12-12 18:57:58,441: load() 'Jumble found plugin class: <class 'UrbanDictionarySource.UrbanDictionarySource'>: {'name': 'Urban Dictionary', 'description': 'Displays definitions from Urban Dictionary', 'author': 'James Miller', 'version': '0.1'}'
INFO: 2025-12-12 18:57:58,442: _walk_modules() 'Jumble loading module in __init__ from /usr/lib/python3/dist-packages/variety/plugins/builtin/display_modes/__init__.py'
INFO: 2025-12-12 18:57:58,444: _walk_modules() 'Jumble loading module in ResizingDisplayModesPlugin from /usr/lib/python3/dist-packages/variety/plugins/builtin/display_modes/ResizingDisplayModesPlugin.py'
INFO: 2025-12-12 18:57:58,445: load() 'Jumble found plugin class: <class 'ResizingDisplayModesPlugin.ResizingDisplayModesPlugin'>: {'name': 'ResizingDisplayModesPlugin', 'description': 'Display modes that use image resizing within Variety', 'version': '1.0', 'author': 'Peter Levi'}'
INFO: 2025-12-12 18:57:58,445: _walk_modules() 'Jumble loading module in GnomeDisplayModesPlugin from /usr/lib/python3/dist-packages/variety/plugins/builtin/display_modes/GnomeDisplayModesPlugin.py'
INFO: 2025-12-12 18:57:58,447: load() 'Jumble found plugin class: <class 'GnomeDisplayModesPlugin.GnomeDisplayModesPlugin'>: {'name': 'GnomeDisplayModesPlugin', 'description': 'Display modes relying on the underlying desktop environment', 'version': '1.0', 'author': 'Peter Levi'}'
INFO: 2025-12-12 18:57:58,447: _walk_modules() 'Jumble loading module in LegacyDisplayModesPlugin from /usr/lib/python3/dist-packages/variety/plugins/builtin/display_modes/LegacyDisplayModesPlugin.py'
INFO: 2025-12-12 18:57:58,448: load() 'Jumble found plugin class: <class 'LegacyDisplayModesPlugin.LegacyDisplayModesPlugin'>: {'name': 'LegacyDisplayModesPlugin', 'description': 'Legacy display mode for compatibility with past Variety versions', 'version': '1.0', 'author': 'Peter Levi'}'
INFO: 2025-12-12 18:57:58,449: _walk_modules() 'Jumble loading module in WallhavenLegacyDownloader from /usr/lib/python3/dist-packages/variety/plugins/builtin/downloaders/WallhavenLegacyDownloader.py'
INFO: 2025-12-12 18:57:58,451: _walk_modules() 'Jumble loading module in NationalGeographicDownloader from /usr/lib/python3/dist-packages/variety/plugins/builtin/downloaders/NationalGeographicDownloader.py'
INFO: 2025-12-12 18:57:58,452: load() 'Jumble found plugin class: <class 'NationalGeographicDownloader.NationalGeographicDownloader'>: {'name': 'NationalGeographicDownloader', 'description': "National Geographic's photo of the day", 'author': 'Eric Rösch', 'version': '0.1'}'
INFO: 2025-12-12 18:57:58,452: _walk_modules() 'Jumble loading module in UnsplashConfigurableSource from /usr/lib/python3/dist-packages/variety/plugins/builtin/downloaders/UnsplashConfigurableSource.py'
INFO: 2025-12-12 18:57:58,456: load() 'Jumble found plugin class: <class 'UnsplashConfigurableSource.UnsplashConfigurableSource'>: {'name': 'UnsplashConfigurableSource', 'description': 'Configurable source for fetching photos from Unsplash.com', 'author': 'Peter Levi', 'version': '0.1'}'
INFO: 2025-12-12 18:57:58,456: _walk_modules() 'Jumble loading module in APODDownloader from /usr/lib/python3/dist-packages/variety/plugins/builtin/downloaders/APODDownloader.py'
INFO: 2025-12-12 18:57:58,457: load() 'Jumble found plugin class: <class 'APODDownloader.APODDownloader'>: {'name': 'APODDownloader', 'description': 'NASA Astro Pic of the Day', 'author': 'Peter Levi', 'version': '0.1'}'
INFO: 2025-12-12 18:57:58,458: _walk_modules() 'Jumble loading module in RedditSource from /usr/lib/python3/dist-packages/variety/plugins/builtin/downloaders/RedditSource.py'
INFO: 2025-12-12 18:57:58,460: load() 'Jumble found plugin class: <class 'RedditSource.RedditSource'>: {'name': 'RedditSource', 'description': 'Configurable source for fetching images from Reddit', 'author': 'Peter Levi', 'version': '0.1'}'
INFO: 2025-12-12 18:57:58,460: _walk_modules() 'Jumble loading module in UnsplashDownloader from /usr/lib/python3/dist-packages/variety/plugins/builtin/downloaders/UnsplashDownloader.py'
INFO: 2025-12-12 18:57:58,461: load() 'Jumble found plugin class: <class 'UnsplashDownloader.UnsplashDownloader'>: {'name': 'UnsplashDownloader', 'description': 'High-resolution photos from Unsplash.com', 'author': 'Peter Levi', 'version': '0.1'}'
INFO: 2025-12-12 18:57:58,461: _walk_modules() 'Jumble loading module in ArtStationSource from /usr/lib/python3/dist-packages/variety/plugins/builtin/downloaders/ArtStationSource.py'
INFO: 2025-12-12 18:57:58,463: load() 'Jumble found plugin class: <class 'ArtStationSource.ArtStationSource'>: {'name': 'ArtStationSource', 'description': 'Configurable source for fetching images from ArtStation', 'author': 'Denis Gordeev', 'version': '0.1'}'
INFO: 2025-12-12 18:57:58,463: _walk_modules() 'Jumble loading module in __init__ from /usr/lib/python3/dist-packages/variety/plugins/builtin/downloaders/__init__.py'
INFO: 2025-12-12 18:57:58,463: _walk_modules() 'Jumble loading module in EarthviewDownloader from /usr/lib/python3/dist-packages/variety/plugins/builtin/downloaders/EarthviewDownloader.py'
INFO: 2025-12-12 18:57:58,464: load() 'Jumble found plugin class: <class 'EarthviewDownloader.EarthviewDownloader'>: {'name': 'EarthviewDownloader', 'description': 'Google Earth View Wallpapers', 'author': 'Peter Levi', 'version': '0.1'}'
INFO: 2025-12-12 18:57:58,464: _walk_modules() 'Jumble loading module in BingDownloader from /usr/lib/python3/dist-packages/variety/plugins/builtin/downloaders/BingDownloader.py'
INFO: 2025-12-12 18:57:58,466: load() 'Jumble found plugin class: <class 'BingDownloader.BingDownloader'>: {'name': 'BingDownloader', 'description': 'Bing Photo of the Day', 'author': 'Peter Levi', 'version': '0.1'}'
INFO: 2025-12-12 18:57:58,466: _walk_modules() 'Jumble loading module in WallhavenSource from /usr/lib/python3/dist-packages/variety/plugins/builtin/downloaders/WallhavenSource.py'
INFO: 2025-12-12 18:57:58,469: load() 'Jumble found plugin class: <class 'WallhavenSource.WallhavenSource'>: {'name': 'WallhavenSource', 'description': 'Configurable source for fetching images from Wallhaven.cc', 'author': 'Peter Levi', 'version': '0.1'}'
INFO: 2025-12-12 18:57:58,469: _walk_modules() 'Jumble loading module in MediaRSSSource from /usr/lib/python3/dist-packages/variety/plugins/builtin/downloaders/MediaRSSSource.py'
INFO: 2025-12-12 18:57:58,473: load() 'Jumble found plugin class: <class 'MediaRSSSource.MediaRSSSource'>: {'name': 'MediaRSSSource', 'description': 'Configurable source for fetching images from MediaRSS feeds', 'author': 'Peter Levi', 'version': '0.1'}'
INFO: 2025-12-12 18:57:58,474: _walk_modules() 'Jumble loading module in ArtStationDownloader from /usr/lib/python3/dist-packages/variety/plugins/builtin/downloaders/ArtStationDownloader.py'
INFO: 2025-12-12 18:57:58,474: _walk_modules() 'Jumble loading module in MediaRSSDownloader from /usr/lib/python3/dist-packages/variety/plugins/builtin/downloaders/MediaRSSDownloader.py'
INFO: 2025-12-12 18:57:58,476: _walk_modules() 'Jumble loading module in RedditDownloader from /usr/lib/python3/dist-packages/variety/plugins/builtin/downloaders/RedditDownloader.py'
INFO: 2025-12-12 18:57:58,476: _walk_modules() 'Jumble loading module in WallhavenDownloader from /usr/lib/python3/dist-packages/variety/plugins/builtin/downloaders/WallhavenDownloader.py'
INFO: 2025-12-12 18:57:58,525: log_options() 'Loaded options:'
INFO: 2025-12-12 18:57:58,525: log_options() 'change_enabled = True'
INFO: 2025-12-12 18:57:58,525: log_options() 'change_interval = 300'
INFO: 2025-12-12 18:57:58,525: log_options() 'change_on_start = False'
INFO: 2025-12-12 18:57:58,525: log_options() 'clipboard_enabled = False'
INFO: 2025-12-12 18:57:58,525: log_options() 'clipboard_hosts = ['wallhaven.cc', 'wallpapers.net', 'flickr.com', 'imgur.com', 'deviantart.com', 'interfacelift.com', 'vladstudio.com', 'imageshack.us', 'deviantart.net', 'imageshack.com']'
INFO: 2025-12-12 18:57:58,525: log_options() 'clipboard_use_whitelist = True'
INFO: 2025-12-12 18:57:58,525: log_options() 'clock_date_font = Ubuntu Condensed 30'
INFO: 2025-12-12 18:57:58,525: log_options() 'clock_enabled = False'
INFO: 2025-12-12 18:57:58,525: log_options() 'clock_filter = -density 100 -font `fc-match -f '%{file[0]}' '%CLOCK_FONT_NAME'` -pointsize %CLOCK_FONT_SIZE -gravity SouthEast -fill '#00000044' -annotate 0x0+[%HOFFSET+58]+[%VOFFSET+108] '%H:%M' -fill white -annotate 0x0+[%HOFFSET+60]+[%VOFFSET+110] '%H:%M' -font `fc-match -f '%{file[0]}' '%DATE_FONT_NAME'` -pointsize %DATE_FONT_SIZE -fill '#00000044' -annotate 0x0+[%HOFFSET+58]+[%VOFFSET+58] '%A, %B %d' -fill white -annotate 0x0+[%HOFFSET+60]+[%VOFFSET+60] '%A, %B %d''
INFO: 2025-12-12 18:57:58,525: log_options() 'clock_font = Liberation Mono Bold 70'
INFO: 2025-12-12 18:57:58,525: log_options() 'configfile = /home/LoOtGobLiN/.config/variety/variety.conf'
INFO: 2025-12-12 18:57:58,525: log_options() 'copyto_enabled = True'
INFO: 2025-12-12 18:57:58,526: log_options() 'copyto_folder = Default'
INFO: 2025-12-12 18:57:58,526: log_options() 'desired_color = [160, 160, 160]'
INFO: 2025-12-12 18:57:58,526: log_options() 'desired_color_enabled = False'
INFO: 2025-12-12 18:57:58,526: log_options() 'download_folder = /home/LoOtGobLiN/.config/variety/Downloaded'
INFO: 2025-12-12 18:57:58,526: log_options() 'download_preference_ratio = 0.9'
INFO: 2025-12-12 18:57:58,526: log_options() 'favorites_folder = /home/LoOtGobLiN/.config/variety/Favorites'
INFO: 2025-12-12 18:57:58,526: log_options() 'favorites_operations = [['/', 'Both']]'
INFO: 2025-12-12 18:57:58,526: log_options() 'fetched_folder = /home/LoOtGobLiN/.config/variety/Fetched'
INFO: 2025-12-12 18:57:58,526: log_options() 'filters = [[False, 'Keep original', ''], [False, 'Grayscale', '-type Grayscale'], [False, 'Heavy blur', '-scale 20% -blur 0x10 -resize 500%'], [False, 'Soft blur', '-scale 20% -blur 0x2 -resize 500%'], [False, 'Oil painting', '-paint 8'], [False, 'Pointilism', '-spread 10 -noise 3'], [False, 'Pixellate', '-scale 3% -scale 3333%']]'
INFO: 2025-12-12 18:57:58,526: log_options() 'get_wallpaper_script = /home/LoOtGobLiN/.config/variety/scripts/get_wallpaper'
INFO: 2025-12-12 18:57:58,526: log_options() 'icon = Light'
INFO: 2025-12-12 18:57:58,526: log_options() 'internet_enabled = False'
INFO: 2025-12-12 18:57:58,526: log_options() 'lightness_enabled = False'
INFO: 2025-12-12 18:57:58,526: log_options() 'lightness_mode = 0'
INFO: 2025-12-12 18:57:58,526: log_options() 'min_rating = 4'
INFO: 2025-12-12 18:57:58,526: log_options() 'min_rating_enabled = False'
INFO: 2025-12-12 18:57:58,526: log_options() 'min_size = 80'
INFO: 2025-12-12 18:57:58,526: log_options() 'min_size_enabled = False'
INFO: 2025-12-12 18:57:58,526: log_options() 'quota_enabled = True'
INFO: 2025-12-12 18:57:58,526: log_options() 'quota_size = 1000'
INFO: 2025-12-12 18:57:58,526: log_options() 'quotes_authors = '
INFO: 2025-12-12 18:57:58,526: log_options() 'quotes_bg_color = [80, 80, 80]'
INFO: 2025-12-12 18:57:58,526: log_options() 'quotes_bg_opacity = 55'
INFO: 2025-12-12 18:57:58,526: log_options() 'quotes_change_enabled = False'
INFO: 2025-12-12 18:57:58,526: log_options() 'quotes_change_interval = 300'
INFO: 2025-12-12 18:57:58,526: log_options() 'quotes_disabled_sources = ['Urban Dictionary']'
INFO: 2025-12-12 18:57:58,526: log_options() 'quotes_enabled = False'
INFO: 2025-12-12 18:57:58,526: log_options() 'quotes_favorites_file = /home/LoOtGobLiN/.config/variety/favorite_quotes.txt'
INFO: 2025-12-12 18:57:58,526: log_options() 'quotes_font = Serif 30'
INFO: 2025-12-12 18:57:58,526: log_options() 'quotes_hpos = 100'
INFO: 2025-12-12 18:57:58,526: log_options() 'quotes_max_length = 250'
INFO: 2025-12-12 18:57:58,526: log_options() 'quotes_tags = '
INFO: 2025-12-12 18:57:58,526: log_options() 'quotes_text_color = [255, 255, 255]'
INFO: 2025-12-12 18:57:58,526: log_options() 'quotes_text_shadow = False'
INFO: 2025-12-12 18:57:58,526: log_options() 'quotes_vpos = 40'
INFO: 2025-12-12 18:57:58,526: log_options() 'quotes_width = 70'
INFO: 2025-12-12 18:57:58,526: log_options() 'safe_mode = False'
INFO: 2025-12-12 18:57:58,526: log_options() 'set_wallpaper_script = /home/LoOtGobLiN/.config/variety/scripts/set_wallpaper'
INFO: 2025-12-12 18:57:58,526: log_options() 'slideshow_custom_enabled = False'
INFO: 2025-12-12 18:57:58,526: log_options() 'slideshow_custom_folder = /home/LoOtGobLiN/Pictures'
INFO: 2025-12-12 18:57:58,526: log_options() 'slideshow_downloads_enabled = False'
INFO: 2025-12-12 18:57:58,526: log_options() 'slideshow_fade = 0.4'
INFO: 2025-12-12 18:57:58,527: log_options() 'slideshow_favorites_enabled = True'
INFO: 2025-12-12 18:57:58,527: log_options() 'slideshow_mode = Fullscreen'
INFO: 2025-12-12 18:57:58,527: log_options() 'slideshow_monitor = All'
INFO: 2025-12-12 18:57:58,527: log_options() 'slideshow_pan = 0.05'
INFO: 2025-12-12 18:57:58,527: log_options() 'slideshow_seconds = 6.0'
INFO: 2025-12-12 18:57:58,527: log_options() 'slideshow_sort_order = Random'
INFO: 2025-12-12 18:57:58,527: log_options() 'slideshow_sources_enabled = True'
INFO: 2025-12-12 18:57:58,527: log_options() 'slideshow_zoom = 0.2'
INFO: 2025-12-12 18:57:58,527: log_options() 'smart_enabled = False'
INFO: 2025-12-12 18:57:58,527: log_options() 'smart_notice_shown = False'
INFO: 2025-12-12 18:57:58,527: log_options() 'smart_register_shown = False'
INFO: 2025-12-12 18:57:58,527: log_options() 'sources = [[False, 'favorites', 'The Favorites folder'], [False, 'fetched', 'The Fetched folder'], [False, 'folder', '/usr/share/backgrounds'], [False, 'flickr', 'user:www.flickr.com/photos/peter-levi/;user_id:93647178@N00;'], [False, 'apod', "NASA's Astronomy Picture of the Day"], [False, 'bing', 'Bing Photo of the Day'], [False, 'earthview', 'Google Earth View Wallpapers'], [False, 'natgeo', "National Geographic's photo of the day"], [False, 'unsplash', 'High-resolution photos from Unsplash.com'], [False, 'folder', '/home/LoOtGobLiN/Pictures'], [True, 'folder', '/home/LoOtGobLiN/Pictures/Wallpaper']]'
INFO: 2025-12-12 18:57:58,527: log_options() 'stats_enabled = True'
INFO: 2025-12-12 18:57:58,527: log_options() 'stats_notice_shown = False'
INFO: 2025-12-12 18:57:58,527: log_options() 'sync_enabled = True'
INFO: 2025-12-12 18:57:58,527: log_options() 'use_landscape_enabled = True'
INFO: 2025-12-12 18:57:58,527: log_options() 'wallhaven_api_key = '
INFO: 2025-12-12 18:57:58,527: log_options() 'wallpaper_auto_rotate = False'
INFO: 2025-12-12 18:57:58,527: log_options() 'wallpaper_display_mode = smart'
INFO: 2025-12-12 18:57:58,527: reload_config() 'No need to clear prepared queue'
INFO: 2025-12-12 18:57:58,527: update_indicator() 'Setting file info to: /home/LoOtGobLiN/Pictures/Wallpaper/Game-GTA.png'
INFO: 2025-12-12 18:57:58,637: load_banned() 'Missing or invalid banned URLs list, no URLs will be banned'
INFO: 2025-12-12 18:57:58,637: load_last_change_time() 'Change interval < 6 hours, ignore persisted last_change_time, wait initially the whole interval: 300'
INFO: 2025-12-12 18:57:58,637: update_indicator() 'Setting file info to: /home/LoOtGobLiN/Pictures/Wallpaper/Game-GTA.png'
INFO: 2025-12-12 18:57:58,638: regular_change_thread() 'regular_change thread running'
INFO: 2025-12-12 18:57:58,639: prepare_thread() 'Prepare thread running'
INFO: 2025-12-12 18:57:58,639: prepare_thread() 'Prepared buffer contains 0 images'
INFO: 2025-12-12 18:57:58,639: prepare_thread() 'Preparing some images'
INFO: 2025-12-12 18:57:58,716: update_indicator_icon() 'Creating indicator'
WARNING: 2025-12-12 18:57:58,732: create_menu() 'Variety Slideshow is not installed. This is an optional extension adding pan-and-zoom slideshows to Variety: see https://github.com/peterlevi/variety-slideshow for details'
INFO: 2025-12-12 18:57:58,736: create_indicator() 'indicator backend: AyatanaAppIndicator3'
INFO: 2025-12-12 18:57:58,746: do_set_wp() 'Calling do_set_wp with /home/LoOtGobLiN/Pictures/Wallpaper/Game-GTA.png, time: 1765562278.7463267'
INFO: 2025-12-12 18:57:58,778: set_from_theme_icon() 'Showing indicator icon variety-indicator from GTK theme'
INFO: 2025-12-12 18:57:58,808: prepare_thread() 'After search prepared buffer contains 100 images'
INFO: 2025-12-12 18:57:58,992: update_indicator() 'Setting file info to: /home/LoOtGobLiN/Pictures/Wallpaper/Game-GTA.png'
INFO: 2025-12-12 18:58:00,271: reload() 'Reloading preferences dialog'
INFO: 2025-12-12 18:58:00,809: trigger_download() 'Triggering download thread to check if download needed and possible'
INFO: 2025-12-12 19:02:58,638: regular_change_thread() 'regular_change changes wallpaper'
INFO: 2025-12-12 19:02:58,638: set_wallpaper() 'Calling set_wallpaper with /home/LoOtGobLiN/Pictures/Wallpaper/Lofi-Urban-Nightscape.png'
INFO: 2025-12-12 19:02:58,638: prepare_thread() 'Prepared buffer contains 99 images'
INFO: 2025-12-12 19:02:58,639: do_set_wp() 'Calling do_set_wp with /home/LoOtGobLiN/Pictures/Wallpaper/Lofi-Urban-Nightscape.png, time: 1765562578.6394422'
INFO: 2025-12-12 19:02:58,739: update_indicator() 'Setting file info to: /home/LoOtGobLiN/Pictures/Wallpaper/Lofi-Urban-Nightscape.png'
INFO: 2025-12-12 19:03:00,642: trigger_download() 'Triggering download thread to check if download needed and possible'
INFO: 2025-12-12 19:04:44,002: set_wallpaper() 'Calling set_wallpaper with /home/LoOtGobLiN/Pictures/Wallpaper/Anime-Girl-Rain.png'
INFO: 2025-12-12 19:04:44,003: do_set_wp() 'Calling do_set_wp with /home/LoOtGobLiN/Pictures/Wallpaper/Anime-Girl-Rain.png, time: 1765562684.003612'
INFO: 2025-12-12 19:04:44,004: prepare_thread() 'Prepared buffer contains 98 images'
INFO: 2025-12-12 19:04:44,142: update_indicator() 'Setting file info to: /home/LoOtGobLiN/Pictures/Wallpaper/Anime-Girl-Rain.png'
INFO: 2025-12-12 19:04:46,014: trigger_download() 'Triggering download thread to check if download needed and possible'
INFO: 2025-12-12 19:09:46,277: regular_change_thread() 'regular_change changes wallpaper'
INFO: 2025-12-12 19:09:46,278: set_wallpaper() 'Calling set_wallpaper with /home/LoOtGobLiN/Pictures/Wallpaper/Wuthering_Carlotta_2.png'
INFO: 2025-12-12 19:09:46,280: prepare_thread() 'Prepared buffer contains 97 images'
INFO: 2025-12-12 19:09:46,280: do_set_wp() 'Calling do_set_wp with /home/LoOtGobLiN/Pictures/Wallpaper/Wuthering_Carlotta_2.png, time: 1765562986.2809067'
INFO: 2025-12-12 19:09:46,332: update_indicator() 'Setting file info to: /home/LoOtGobLiN/Pictures/Wallpaper/Wuthering_Carlotta_2.png'
INFO: 2025-12-12 19:09:48,283: trigger_download() 'Triggering download thread to check if download needed and possible'
INFO: 2025-12-12 19:14:47,685: regular_change_thread() 'regular_change changes wallpaper'
INFO: 2025-12-12 19:14:47,685: set_wallpaper() 'Calling set_wallpaper with /home/LoOtGobLiN/Pictures/Wallpaper/Pastel-Window.png'
INFO: 2025-12-12 19:14:47,686: prepare_thread() 'Prepared buffer contains 96 images'
INFO: 2025-12-12 19:14:47,686: do_set_wp() 'Calling do_set_wp with /home/LoOtGobLiN/Pictures/Wallpaper/Pastel-Window.png, time: 1765563287.686607'
INFO: 2025-12-12 19:14:47,716: update_indicator() 'Setting file info to: /home/LoOtGobLiN/Pictures/Wallpaper/Pastel-Window.png'
INFO: 2025-12-12 19:14:49,690: trigger_download() 'Triggering download thread to check if download needed and possible'
INFO: 2025-12-12 19:19:48,674: regular_change_thread() 'regular_change changes wallpaper'
INFO: 2025-12-12 19:19:48,675: set_wallpaper() 'Calling set_wallpaper with /home/LoOtGobLiN/Pictures/Wallpaper/Lofi - Anime Girl Coder.jpeg'
INFO: 2025-12-12 19:19:48,675: prepare_thread() 'Prepared buffer contains 95 images'
INFO: 2025-12-12 19:19:48,676: do_set_wp() 'Calling do_set_wp with /home/LoOtGobLiN/Pictures/Wallpaper/Lofi - Anime Girl Coder.jpeg, time: 1765563588.6765492'
INFO: 2025-12-12 19:19:48,706: update_indicator() 'Setting file info to: /home/LoOtGobLiN/Pictures/Wallpaper/Lofi - Anime Girl Coder.jpeg'
INFO: 2025-12-12 19:19:50,678: trigger_download() 'Triggering download thread to check if download needed and possible'
INFO: 2025-12-12 19:24:50,936: regular_change_thread() 'regular_change changes wallpaper'
INFO: 2025-12-12 19:24:50,938: set_wallpaper() 'Calling set_wallpaper with /home/LoOtGobLiN/Pictures/Wallpaper/Lofi - Anime Girl2.png'
INFO: 2025-12-12 19:24:50,939: do_set_wp() 'Calling do_set_wp with /home/LoOtGobLiN/Pictures/Wallpaper/Lofi - Anime Girl2.png, time: 1765563890.9395216'
INFO: 2025-12-12 19:24:50,939: prepare_thread() 'Prepared buffer contains 94 images'
INFO: 2025-12-12 19:24:51,097: update_indicator() 'Setting file info to: /home/LoOtGobLiN/Pictures/Wallpaper/Lofi - Anime Girl2.png'
INFO: 2025-12-12 19:24:52,942: trigger_download() 'Triggering download thread to check if download needed and possible'
INFO: 2025-12-12 19:29:53,447: regular_change_thread() 'regular_change changes wallpaper'
INFO: 2025-12-12 19:29:53,447: set_wallpaper() 'Calling set_wallpaper with /home/LoOtGobLiN/Pictures/Wallpaper/Sun-Setting-Horizon.png'
INFO: 2025-12-12 19:29:53,448: prepare_thread() 'Prepared buffer contains 93 images'
INFO: 2025-12-12 19:29:53,448: do_set_wp() 'Calling do_set_wp with /home/LoOtGobLiN/Pictures/Wallpaper/Sun-Setting-Horizon.png, time: 1765564193.4487274'
INFO: 2025-12-12 19:29:53,540: update_indicator() 'Setting file info to: /home/LoOtGobLiN/Pictures/Wallpaper/Sun-Setting-Horizon.png'
INFO: 2025-12-12 19:29:55,450: trigger_download() 'Triggering download thread to check if download needed and possible'
INFO: 2025-12-12 19:34:55,521: regular_change_thread() 'regular_change changes wallpaper'
INFO: 2025-12-12 19:34:55,521: set_wallpaper() 'Calling set_wallpaper with /home/LoOtGobLiN/Pictures/Wallpaper/0132.jpg'
INFO: 2025-12-12 19:34:55,522: do_set_wp() 'Calling do_set_wp with /home/LoOtGobLiN/Pictures/Wallpaper/0132.jpg, time: 1765564495.5225692'
INFO: 2025-12-12 19:34:55,522: prepare_thread() 'Prepared buffer contains 92 images'
INFO: 2025-12-12 19:34:55,572: update_indicator() 'Setting file info to: /home/LoOtGobLiN/Pictures/Wallpaper/0132.jpg'
INFO: 2025-12-12 19:34:57,526: trigger_download() 'Triggering download thread to check if download needed and possible'
INFO: 2025-12-12 19:39:57,594: regular_change_thread() 'regular_change changes wallpaper'
INFO: 2025-12-12 19:39:57,595: set_wallpaper() 'Calling set_wallpaper with /home/LoOtGobLiN/Pictures/Wallpaper/wallhaven-ly3gmr_1920x1080.png'
INFO: 2025-12-12 19:39:57,595: prepare_thread() 'Prepared buffer contains 91 images'
INFO: 2025-12-12 19:39:57,596: do_set_wp() 'Calling do_set_wp with /home/LoOtGobLiN/Pictures/Wallpaper/wallhaven-ly3gmr_1920x1080.png, time: 1765564797.5963585'
INFO: 2025-12-12 19:39:57,626: update_indicator() 'Setting file info to: /home/LoOtGobLiN/Pictures/Wallpaper/wallhaven-ly3gmr_1920x1080.png'
INFO: 2025-12-12 19:39:59,597: trigger_download() 'Triggering download thread to check if download needed and possible'
INFO: 2025-12-12 19:44:58,694: regular_change_thread() 'regular_change changes wallpaper'
INFO: 2025-12-12 19:44:58,694: set_wallpaper() 'Calling set_wallpaper with /home/LoOtGobLiN/Pictures/Wallpaper/StarRail_Cerydra.png'
INFO: 2025-12-12 19:44:58,695: prepare_thread() 'Prepared buffer contains 90 images'
INFO: 2025-12-12 19:44:58,707: do_set_wp() 'Calling do_set_wp with /home/LoOtGobLiN/Pictures/Wallpaper/StarRail_Cerydra.png, time: 1765565098.7072525'
INFO: 2025-12-12 19:44:58,830: update_indicator() 'Setting file info to: /home/LoOtGobLiN/Pictures/Wallpaper/StarRail_Cerydra.png'
INFO: 2025-12-12 19:45:00,707: trigger_download() 'Triggering download thread to check if download needed and possible'
INFO: 2025-12-12 19:50:00,073: regular_change_thread() 'regular_change changes wallpaper'
INFO: 2025-12-12 19:50:00,073: set_wallpaper() 'Calling set_wallpaper with /home/LoOtGobLiN/Pictures/Wallpaper/Lady.png'
INFO: 2025-12-12 19:50:00,073: prepare_thread() 'Prepared buffer contains 89 images'
INFO: 2025-12-12 19:50:00,074: do_set_wp() 'Calling do_set_wp with /home/LoOtGobLiN/Pictures/Wallpaper/Lady.png, time: 1765565400.0745084'
INFO: 2025-12-12 19:50:00,150: update_indicator() 'Setting file info to: /home/LoOtGobLiN/Pictures/Wallpaper/Lady.png'
INFO: 2025-12-12 19:50:02,083: trigger_download() 'Triggering download thread to check if download needed and possible'
INFO: 2025-12-12 19:55:03,060: regular_change_thread() 'regular_change changes wallpaper'
INFO: 2025-12-12 19:55:03,063: set_wallpaper() 'Calling set_wallpaper with /home/LoOtGobLiN/Pictures/Wallpaper/welcome-autumn-man-with-camera-artwork-wv-2560x1700.jpg'
INFO: 2025-12-12 19:55:03,063: prepare_thread() 'Prepared buffer contains 88 images'
INFO: 2025-12-12 19:55:03,065: do_set_wp() 'Calling do_set_wp with /home/LoOtGobLiN/Pictures/Wallpaper/welcome-autumn-man-with-camera-artwork-wv-2560x1700.jpg, time: 1765565703.0653858'
INFO: 2025-12-12 19:55:03,116: update_indicator() 'Setting file info to: /home/LoOtGobLiN/Pictures/Wallpaper/welcome-autumn-man-with-camera-artwork-wv-2560x1700.jpg'
INFO: 2025-12-12 19:55:05,066: trigger_download() 'Triggering download thread to check if download needed and possible'
INFO: 2025-12-12 20:00:04,243: regular_change_thread() 'regular_change changes wallpaper'
INFO: 2025-12-12 20:00:04,243: set_wallpaper() 'Calling set_wallpaper with /home/LoOtGobLiN/Pictures/Wallpaper/Wuthering_Shorekeeper_2.png'
INFO: 2025-12-12 20:00:04,243: prepare_thread() 'Prepared buffer contains 87 images'
INFO: 2025-12-12 20:00:04,244: do_set_wp() 'Calling do_set_wp with /home/LoOtGobLiN/Pictures/Wallpaper/Wuthering_Shorekeeper_2.png, time: 1765566004.244659'
INFO: 2025-12-12 20:00:04,311: update_indicator() 'Setting file info to: /home/LoOtGobLiN/Pictures/Wallpaper/Wuthering_Shorekeeper_2.png'
INFO: 2025-12-12 20:00:06,244: trigger_download() 'Triggering download thread to check if download needed and possible'
INFO: 2025-12-12 20:05:05,278: regular_change_thread() 'regular_change changes wallpaper'
INFO: 2025-12-12 20:05:05,279: set_wallpaper() 'Calling set_wallpaper with /home/LoOtGobLiN/Pictures/Wallpaper/Messy-Room.jpg'
INFO: 2025-12-12 20:05:05,280: prepare_thread() 'Prepared buffer contains 86 images'
INFO: 2025-12-12 20:05:05,280: do_set_wp() 'Calling do_set_wp with /home/LoOtGobLiN/Pictures/Wallpaper/Messy-Room.jpg, time: 1765566305.2808309'
INFO: 2025-12-12 20:05:05,313: update_indicator() 'Setting file info to: /home/LoOtGobLiN/Pictures/Wallpaper/Messy-Room.jpg'
INFO: 2025-12-12 20:05:07,282: trigger_download() 'Triggering download thread to check if download needed and possible'
INFO: 2025-12-12 20:10:06,622: regular_change_thread() 'regular_change changes wallpaper'
INFO: 2025-12-12 20:10:06,622: set_wallpaper() 'Calling set_wallpaper with /home/LoOtGobLiN/Pictures/Wallpaper/Genshin_Lumine_4.png'
INFO: 2025-12-12 20:10:06,623: do_set_wp() 'Calling do_set_wp with /home/LoOtGobLiN/Pictures/Wallpaper/Genshin_Lumine_4.png, time: 1765566606.6235745'
INFO: 2025-12-12 20:10:06,624: prepare_thread() 'Prepared buffer contains 85 images'
INFO: 2025-12-12 20:10:06,745: update_indicator() 'Setting file info to: /home/LoOtGobLiN/Pictures/Wallpaper/Genshin_Lumine_4.png'
INFO: 2025-12-12 20:10:08,625: trigger_download() 'Triggering download thread to check if download needed and possible'
INFO: 2025-12-12 20:15:07,585: regular_change_thread() 'regular_change changes wallpaper'
INFO: 2025-12-12 20:15:07,585: set_wallpaper() 'Calling set_wallpaper with /home/LoOtGobLiN/Pictures/Wallpaper/Lofi-Room.png'
INFO: 2025-12-12 20:15:07,586: prepare_thread() 'Prepared buffer contains 84 images'
INFO: 2025-12-12 20:15:07,587: do_set_wp() 'Calling do_set_wp with /home/LoOtGobLiN/Pictures/Wallpaper/Lofi-Room.png, time: 1765566907.5872536'
INFO: 2025-12-12 20:15:08,042: update_indicator() 'Setting file info to: /home/LoOtGobLiN/Pictures/Wallpaper/Lofi-Room.png'
INFO: 2025-12-12 20:15:09,588: trigger_download() 'Triggering download thread to check if download needed and possible'
INFO: 2025-12-12 20:20:12,375: regular_change_thread() 'regular_change changes wallpaper'
INFO: 2025-12-12 20:20:12,375: set_wallpaper() 'Calling set_wallpaper with /home/LoOtGobLiN/Pictures/Wallpaper/wallpapersden.com_floating-island-hd-anime-girl_1920x1080.jpg'
INFO: 2025-12-12 20:20:12,375: do_set_wp() 'Calling do_set_wp with /home/LoOtGobLiN/Pictures/Wallpaper/wallpapersden.com_floating-island-hd-anime-girl_1920x1080.jpg, time: 1765567212.3758621'
INFO: 2025-12-12 20:20:12,376: prepare_thread() 'Prepared buffer contains 83 images'
INFO: 2025-12-12 20:20:12,419: update_indicator() 'Setting file info to: /home/LoOtGobLiN/Pictures/Wallpaper/wallpapersden.com_floating-island-hd-anime-girl_1920x1080.jpg'
INFO: 2025-12-12 20:20:14,378: trigger_download() 'Triggering download thread to check if download needed and possible'
INFO: 2025-12-12 20:25:13,735: regular_change_thread() 'regular_change changes wallpaper'
INFO: 2025-12-12 20:25:13,736: set_wallpaper() 'Calling set_wallpaper with /home/LoOtGobLiN/Pictures/Wallpaper/1347163.png'
INFO: 2025-12-12 20:25:13,737: do_set_wp() 'Calling do_set_wp with /home/LoOtGobLiN/Pictures/Wallpaper/1347163.png, time: 1765567513.7373676'
INFO: 2025-12-12 20:25:13,737: prepare_thread() 'Prepared buffer contains 82 images'
INFO: 2025-12-12 20:25:13,740: apply_display_mode() 'ImageMagick display mode cmd: convert /home/LoOtGobLiN/Pictures/Wallpaper/1347163.png -resize 1920x1080^ -gravity center -extent 1920x1080 -scale 10% -blur 0x3 -resize 1000% -clone 0 -resize 1920x1080 -size 1920x1080 -gravity center -composite /home/LoOtGobLiN/.config/variety/wallpaper/wallpaper-zoomed-c849681999edc1d167ea14324bab09dc.jpg'
INFO: 2025-12-12 20:25:14,738: update_indicator() 'Setting file info to: /home/LoOtGobLiN/Pictures/Wallpaper/1347163.png'
INFO: 2025-12-12 20:25:15,748: trigger_download() 'Triggering download thread to check if download needed and possible'
INFO: 2025-12-12 20:30:16,003: regular_change_thread() 'regular_change changes wallpaper'
INFO: 2025-12-12 20:30:16,005: set_wallpaper() 'Calling set_wallpaper with /home/LoOtGobLiN/Pictures/Wallpaper/1347155(1).png'
INFO: 2025-12-12 20:30:16,006: do_set_wp() 'Calling do_set_wp with /home/LoOtGobLiN/Pictures/Wallpaper/1347155(1).png, time: 1765567816.006433'
INFO: 2025-12-12 20:30:16,006: prepare_thread() 'Prepared buffer contains 81 images'
INFO: 2025-12-12 20:30:16,010: apply_display_mode() 'ImageMagick display mode cmd: convert '/home/LoOtGobLiN/Pictures/Wallpaper/1347155(1).png' -resize 1920x1080^ -gravity center -extent 1920x1080 -scale 10% -blur 0x3 -resize 1000% -clone 0 -resize 1920x1080 -size 1920x1080 -gravity center -composite /home/LoOtGobLiN/.config/variety/wallpaper/wallpaper-zoomed-0e009864c8c2734d665a046eec98a855.jpg'
INFO: 2025-12-12 20:30:16,489: update_indicator() 'Setting file info to: /home/LoOtGobLiN/Pictures/Wallpaper/1347155(1).png'
INFO: 2025-12-12 20:30:18,010: trigger_download() 'Triggering download thread to check if download needed and possible'
INFO: 2025-12-12 20:35:17,402: regular_change_thread() 'regular_change changes wallpaper'
INFO: 2025-12-12 20:35:17,402: set_wallpaper() 'Calling set_wallpaper with /home/LoOtGobLiN/Pictures/Wallpaper/StarRail_Firefly.png'
INFO: 2025-12-12 20:35:17,403: do_set_wp() 'Calling do_set_wp with /home/LoOtGobLiN/Pictures/Wallpaper/StarRail_Firefly.png, time: 1765568117.4034235'
INFO: 2025-12-12 20:35:17,404: prepare_thread() 'Prepared buffer contains 80 images'
INFO: 2025-12-12 20:35:17,447: update_indicator() 'Setting file info to: /home/LoOtGobLiN/Pictures/Wallpaper/StarRail_Firefly.png'
INFO: 2025-12-12 20:35:19,405: trigger_download() 'Triggering download thread to check if download needed and possible'
INFO: 2025-12-12 20:40:18,276: regular_change_thread() 'regular_change changes wallpaper'
INFO: 2025-12-12 20:40:18,288: set_wallpaper() 'Calling set_wallpaper with /home/LoOtGobLiN/Pictures/Wallpaper/store.jpg'
INFO: 2025-12-12 20:40:18,289: do_set_wp() 'Calling do_set_wp with /home/LoOtGobLiN/Pictures/Wallpaper/store.jpg, time: 1765568418.289901'
INFO: 2025-12-12 20:40:18,293: prepare_thread() 'Prepared buffer contains 79 images'
INFO: 2025-12-12 20:40:18,384: update_indicator() 'Setting file info to: /home/LoOtGobLiN/Pictures/Wallpaper/store.jpg'
INFO: 2025-12-12 20:40:20,293: trigger_download() 'Triggering download thread to check if download needed and possible'
INFO: 2025-12-12 20:45:19,389: regular_change_thread() 'regular_change changes wallpaper'
INFO: 2025-12-12 20:45:19,390: set_wallpaper() 'Calling set_wallpaper with /home/LoOtGobLiN/Pictures/Wallpaper/Fantasy-Lanscape-Night.png'
INFO: 2025-12-12 20:45:19,390: prepare_thread() 'Prepared buffer contains 78 images'
INFO: 2025-12-12 20:45:19,391: do_set_wp() 'Calling do_set_wp with /home/LoOtGobLiN/Pictures/Wallpaper/Fantasy-Lanscape-Night.png, time: 1765568719.391793'
INFO: 2025-12-12 20:45:19,547: update_indicator() 'Setting file info to: /home/LoOtGobLiN/Pictures/Wallpaper/Fantasy-Lanscape-Night.png'
INFO: 2025-12-12 20:45:21,397: trigger_download() 'Triggering download thread to check if download needed and possible'
INFO: 2025-12-12 20:50:21,430: regular_change_thread() 'regular_change changes wallpaper'
INFO: 2025-12-12 20:50:21,431: set_wallpaper() 'Calling set_wallpaper with /home/LoOtGobLiN/Pictures/Wallpaper/Wallpaper141.jpg'
INFO: 2025-12-12 20:50:21,431: prepare_thread() 'Prepared buffer contains 77 images'
INFO: 2025-12-12 20:50:21,432: do_set_wp() 'Calling do_set_wp with /home/LoOtGobLiN/Pictures/Wallpaper/Wallpaper141.jpg, time: 1765569021.4325354'
INFO: 2025-12-12 20:50:21,465: update_indicator() 'Setting file info to: /home/LoOtGobLiN/Pictures/Wallpaper/Wallpaper141.jpg'
INFO: 2025-12-12 20:50:23,432: trigger_download() 'Triggering download thread to check if download needed and possible'
INFO: 2025-12-12 20:55:22,770: regular_change_thread() 'regular_change changes wallpaper'
INFO: 2025-12-12 20:55:22,770: set_wallpaper() 'Calling set_wallpaper with /home/LoOtGobLiN/Pictures/Wallpaper/0940.png'
INFO: 2025-12-12 20:55:22,771: prepare_thread() 'Prepared buffer contains 76 images'
INFO: 2025-12-12 20:55:22,772: do_set_wp() 'Calling do_set_wp with /home/LoOtGobLiN/Pictures/Wallpaper/0940.png, time: 1765569322.7719235'
INFO: 2025-12-12 20:55:22,774: apply_display_mode() 'ImageMagick display mode cmd: convert /home/LoOtGobLiN/Pictures/Wallpaper/0940.png -resize 1920x1080^ -gravity center -extent 1920x1080 -scale 10% -blur 0x3 -resize 1000% -clone 0 -resize 1920x1080 -size 1920x1080 -gravity center -composite /home/LoOtGobLiN/.config/variety/wallpaper/wallpaper-zoomed-d87726bac38de32fa18c9c61ecf0fc22.jpg'
INFO: 2025-12-12 20:55:23,620: update_indicator() 'Setting file info to: /home/LoOtGobLiN/Pictures/Wallpaper/0940.png'
INFO: 2025-12-12 20:55:24,776: trigger_download() 'Triggering download thread to check if download needed and possible'
INFO: 2025-12-12 21:00:24,830: regular_change_thread() 'regular_change changes wallpaper'
INFO: 2025-12-12 21:00:24,830: set_wallpaper() 'Calling set_wallpaper with /home/LoOtGobLiN/Pictures/Wallpaper/conv-cosmos.png'
INFO: 2025-12-12 21:00:24,830: do_set_wp() 'Calling do_set_wp with /home/LoOtGobLiN/Pictures/Wallpaper/conv-cosmos.png, time: 1765569624.8308148'
INFO: 2025-12-12 21:00:24,831: prepare_thread() 'Prepared buffer contains 75 images'
INFO: 2025-12-12 21:00:24,861: update_indicator() 'Setting file info to: /home/LoOtGobLiN/Pictures/Wallpaper/conv-cosmos.png'
INFO: 2025-12-12 21:00:26,833: trigger_download() 'Triggering download thread to check if download needed and possible'
INFO: 2025-12-12 21:05:26,161: regular_change_thread() 'regular_change changes wallpaper'
INFO: 2025-12-12 21:05:26,161: set_wallpaper() 'Calling set_wallpaper with /home/LoOtGobLiN/Pictures/Wallpaper/1994716.jpg'
INFO: 2025-12-12 21:05:26,161: prepare_thread() 'Prepared buffer contains 74 images'
INFO: 2025-12-12 21:05:26,163: do_set_wp() 'Calling do_set_wp with /home/LoOtGobLiN/Pictures/Wallpaper/1994716.jpg, time: 1765569926.163377'
INFO: 2025-12-12 21:05:26,193: update_indicator() 'Setting file info to: /home/LoOtGobLiN/Pictures/Wallpaper/1994716.jpg'
INFO: 2025-12-12 21:05:28,164: trigger_download() 'Triggering download thread to check if download needed and possible'
INFO: 2025-12-12 21:10:27,654: regular_change_thread() 'regular_change changes wallpaper'
INFO: 2025-12-12 21:10:27,654: set_wallpaper() 'Calling set_wallpaper with /home/LoOtGobLiN/Pictures/Wallpaper/0342.jpg'
INFO: 2025-12-12 21:10:27,655: prepare_thread() 'Prepared buffer contains 73 images'
INFO: 2025-12-12 21:10:27,656: do_set_wp() 'Calling do_set_wp with /home/LoOtGobLiN/Pictures/Wallpaper/0342.jpg, time: 1765570227.656316'
INFO: 2025-12-12 21:10:27,686: update_indicator() 'Setting file info to: /home/LoOtGobLiN/Pictures/Wallpaper/0342.jpg'
INFO: 2025-12-12 21:10:29,657: trigger_download() 'Triggering download thread to check if download needed and possible'
INFO: 2025-12-12 21:15:28,685: regular_change_thread() 'regular_change changes wallpaper'
INFO: 2025-12-12 21:15:28,685: set_wallpaper() 'Calling set_wallpaper with /home/LoOtGobLiN/Pictures/Wallpaper/Genshin_Lumine_10.png'
INFO: 2025-12-12 21:15:28,685: prepare_thread() 'Prepared buffer contains 72 images'
INFO: 2025-12-12 21:15:28,685: do_set_wp() 'Calling do_set_wp with /home/LoOtGobLiN/Pictures/Wallpaper/Genshin_Lumine_10.png, time: 1765570528.6858404'
INFO: 2025-12-12 21:15:28,730: update_indicator() 'Setting file info to: /home/LoOtGobLiN/Pictures/Wallpaper/Genshin_Lumine_10.png'
INFO: 2025-12-12 21:15:30,687: trigger_download() 'Triggering download thread to check if download needed and possible'
INFO: 2025-12-12 21:20:29,619: regular_change_thread() 'regular_change changes wallpaper'
INFO: 2025-12-12 21:20:29,619: set_wallpaper() 'Calling set_wallpaper with /home/LoOtGobLiN/Pictures/Wallpaper/Forest-Light.png'
INFO: 2025-12-12 21:20:29,620: do_set_wp() 'Calling do_set_wp with /home/LoOtGobLiN/Pictures/Wallpaper/Forest-Light.png, time: 1765570829.6204333'
INFO: 2025-12-12 21:20:29,621: prepare_thread() 'Prepared buffer contains 71 images'
INFO: 2025-12-12 21:20:29,754: update_indicator() 'Setting file info to: /home/LoOtGobLiN/Pictures/Wallpaper/Forest-Light.png'
INFO: 2025-12-12 21:20:31,625: trigger_download() 'Triggering download thread to check if download needed and possible'
INFO: 2025-12-12 21:25:31,994: regular_change_thread() 'regular_change changes wallpaper'
INFO: 2025-12-12 21:25:31,995: set_wallpaper() 'Calling set_wallpaper with /home/LoOtGobLiN/Pictures/Wallpaper/Lofi - Chill Room.png'
INFO: 2025-12-12 21:25:31,995: do_set_wp() 'Calling do_set_wp with /home/LoOtGobLiN/Pictures/Wallpaper/Lofi - Chill Room.png, time: 1765571131.9959517'
INFO: 2025-12-12 21:25:31,996: prepare_thread() 'Prepared buffer contains 70 images'
INFO: 2025-12-12 21:25:32,068: update_indicator() 'Setting file info to: /home/LoOtGobLiN/Pictures/Wallpaper/Lofi - Chill Room.png'
INFO: 2025-12-12 21:25:33,999: trigger_download() 'Triggering download thread to check if download needed and possible'
INFO: 2025-12-12 21:30:33,351: regular_change_thread() 'regular_change changes wallpaper'
INFO: 2025-12-12 21:30:33,351: set_wallpaper() 'Calling set_wallpaper with /home/LoOtGobLiN/Pictures/Wallpaper/Fantasy-Autumn.png'
INFO: 2025-12-12 21:30:33,351: prepare_thread() 'Prepared buffer contains 69 images'
INFO: 2025-12-12 21:30:33,352: do_set_wp() 'Calling do_set_wp with /home/LoOtGobLiN/Pictures/Wallpaper/Fantasy-Autumn.png, time: 1765571433.3523123'
INFO: 2025-12-12 21:30:33,401: update_indicator() 'Setting file info to: /home/LoOtGobLiN/Pictures/Wallpaper/Fantasy-Autumn.png'
INFO: 2025-12-12 21:30:35,356: trigger_download() 'Triggering download thread to check if download needed and possible'
INFO: 2025-12-12 21:35:34,201: regular_change_thread() 'regular_change changes wallpaper'
INFO: 2025-12-12 21:35:34,201: set_wallpaper() 'Calling set_wallpaper with /home/LoOtGobLiN/Pictures/Wallpaper/wallpapersden.com_anime-city-4k-aesthetic_1920x1080.jpg'
INFO: 2025-12-12 21:35:34,202: prepare_thread() 'Prepared buffer contains 68 images'
INFO: 2025-12-12 21:35:34,202: do_set_wp() 'Calling do_set_wp with /home/LoOtGobLiN/Pictures/Wallpaper/wallpapersden.com_anime-city-4k-aesthetic_1920x1080.jpg, time: 1765571734.2028697'
INFO: 2025-12-12 21:35:34,237: update_indicator() 'Setting file info to: /home/LoOtGobLiN/Pictures/Wallpaper/wallpapersden.com_anime-city-4k-aesthetic_1920x1080.jpg'
INFO: 2025-12-12 21:35:36,203: trigger_download() 'Triggering download thread to check if download needed and possible'
INFO: 2025-12-12 21:40:35,096: regular_change_thread() 'regular_change changes wallpaper'
INFO: 2025-12-12 21:40:35,096: set_wallpaper() 'Calling set_wallpaper with /home/LoOtGobLiN/Pictures/Wallpaper/Fantasy - Sunset.png'
INFO: 2025-12-12 21:40:35,097: do_set_wp() 'Calling do_set_wp with /home/LoOtGobLiN/Pictures/Wallpaper/Fantasy - Sunset.png, time: 1765572035.0978208'
INFO: 2025-12-12 21:40:35,098: prepare_thread() 'Prepared buffer contains 67 images'
INFO: 2025-12-12 21:40:35,183: update_indicator() 'Setting file info to: /home/LoOtGobLiN/Pictures/Wallpaper/Fantasy - Sunset.png'
INFO: 2025-12-12 21:40:37,098: trigger_download() 'Triggering download thread to check if download needed and possible'
INFO: 2025-12-12 21:44:38,447: set_wallpaper() 'Calling set_wallpaper with /home/LoOtGobLiN/Pictures/Wallpaper/c7fc31c7375719ef993e0bf93f9e7499.jpg'
INFO: 2025-12-12 21:44:38,448: do_set_wp() 'Calling do_set_wp with /home/LoOtGobLiN/Pictures/Wallpaper/c7fc31c7375719ef993e0bf93f9e7499.jpg, time: 1765572278.4485853'
INFO: 2025-12-12 21:44:38,448: prepare_thread() 'Prepared buffer contains 66 images'
INFO: 2025-12-12 21:44:38,478: update_indicator() 'Setting file info to: /home/LoOtGobLiN/Pictures/Wallpaper/c7fc31c7375719ef993e0bf93f9e7499.jpg'
INFO: 2025-12-12 21:44:40,455: trigger_download() 'Triggering download thread to check if download needed and possible'
INFO: 2025-12-12 21:49:39,492: regular_change_thread() 'regular_change changes wallpaper'
INFO: 2025-12-12 21:49:39,493: set_wallpaper() 'Calling set_wallpaper with /home/LoOtGobLiN/Pictures/Wallpaper/Genshin_Chiori.png'
INFO: 2025-12-12 21:49:39,493: prepare_thread() 'Prepared buffer contains 65 images'
INFO: 2025-12-12 21:49:39,494: do_set_wp() 'Calling do_set_wp with /home/LoOtGobLiN/Pictures/Wallpaper/Genshin_Chiori.png, time: 1765572579.4945836'
INFO: 2025-12-12 21:49:39,552: update_indicator() 'Setting file info to: /home/LoOtGobLiN/Pictures/Wallpaper/Genshin_Chiori.png'
INFO: 2025-12-12 21:49:41,497: trigger_download() 'Triggering download thread to check if download needed and possible'
INFO: 2025-12-12 21:54:40,533: regular_change_thread() 'regular_change changes wallpaper'
INFO: 2025-12-12 21:54:40,533: set_wallpaper() 'Calling set_wallpaper with /home/LoOtGobLiN/Pictures/Wallpaper/Zenless_Jane Doe.png'
INFO: 2025-12-12 21:54:40,534: prepare_thread() 'Prepared buffer contains 64 images'
INFO: 2025-12-12 21:54:40,534: do_set_wp() 'Calling do_set_wp with /home/LoOtGobLiN/Pictures/Wallpaper/Zenless_Jane Doe.png, time: 1765572880.5347273'
INFO: 2025-12-12 21:54:40,615: update_indicator() 'Setting file info to: /home/LoOtGobLiN/Pictures/Wallpaper/Zenless_Jane Doe.png'
INFO: 2025-12-12 21:54:42,535: trigger_download() 'Triggering download thread to check if download needed and possible'
INFO: 2025-12-12 21:59:42,074: regular_change_thread() 'regular_change changes wallpaper'
INFO: 2025-12-12 21:59:42,074: set_wallpaper() 'Calling set_wallpaper with /home/LoOtGobLiN/Pictures/Wallpaper/Wuthering_Shorekeeper_3.png'
INFO: 2025-12-12 21:59:42,075: prepare_thread() 'Prepared buffer contains 63 images'
INFO: 2025-12-12 21:59:42,075: do_set_wp() 'Calling do_set_wp with /home/LoOtGobLiN/Pictures/Wallpaper/Wuthering_Shorekeeper_3.png, time: 1765573182.0758653'
INFO: 2025-12-12 21:59:42,133: update_indicator() 'Setting file info to: /home/LoOtGobLiN/Pictures/Wallpaper/Wuthering_Shorekeeper_3.png'
INFO: 2025-12-12 21:59:44,077: trigger_download() 'Triggering download thread to check if download needed and possible'
INFO: 2025-12-12 22:04:42,956: regular_change_thread() 'regular_change changes wallpaper'
INFO: 2025-12-12 22:04:42,957: set_wallpaper() 'Calling set_wallpaper with /home/LoOtGobLiN/Pictures/Wallpaper/unknown_1.png'
INFO: 2025-12-12 22:04:42,957: do_set_wp() 'Calling do_set_wp with /home/LoOtGobLiN/Pictures/Wallpaper/unknown_1.png, time: 1765573482.9575255'
INFO: 2025-12-12 22:04:42,957: prepare_thread() 'Prepared buffer contains 62 images'
INFO: 2025-12-12 22:04:42,997: update_indicator() 'Setting file info to: /home/LoOtGobLiN/Pictures/Wallpaper/unknown_1.png'
INFO: 2025-12-12 22:04:44,959: trigger_download() 'Triggering download thread to check if download needed and possible'
INFO: 2025-12-12 22:09:43,815: regular_change_thread() 'regular_change changes wallpaper'
INFO: 2025-12-12 22:09:43,816: set_wallpaper() 'Calling set_wallpaper with /home/LoOtGobLiN/Pictures/Wallpaper/0258.jpg'
INFO: 2025-12-12 22:09:43,816: do_set_wp() 'Calling do_set_wp with /home/LoOtGobLiN/Pictures/Wallpaper/0258.jpg, time: 1765573783.8166525'
INFO: 2025-12-12 22:09:43,817: prepare_thread() 'Prepared buffer contains 61 images'
INFO: 2025-12-12 22:09:43,849: update_indicator() 'Setting file info to: /home/LoOtGobLiN/Pictures/Wallpaper/0258.jpg'
INFO: 2025-12-12 22:09:45,819: trigger_download() 'Triggering download thread to check if download needed and possible'
INFO: 2025-12-12 22:14:45,447: regular_change_thread() 'regular_change changes wallpaper'
INFO: 2025-12-12 22:14:45,447: set_wallpaper() 'Calling set_wallpaper with /home/LoOtGobLiN/Pictures/Wallpaper/Genshin_Navia.png'
INFO: 2025-12-12 22:14:45,448: do_set_wp() 'Calling do_set_wp with /home/LoOtGobLiN/Pictures/Wallpaper/Genshin_Navia.png, time: 1765574085.4482496'
INFO: 2025-12-12 22:14:45,448: prepare_thread() 'Prepared buffer contains 60 images'
INFO: 2025-12-12 22:14:45,507: update_indicator() 'Setting file info to: /home/LoOtGobLiN/Pictures/Wallpaper/Genshin_Navia.png'
INFO: 2025-12-12 22:14:47,451: trigger_download() 'Triggering download thread to check if download needed and possible'
INFO: 2025-12-12 22:19:46,440: regular_change_thread() 'regular_change changes wallpaper'
INFO: 2025-12-12 22:19:46,441: set_wallpaper() 'Calling set_wallpaper with /home/LoOtGobLiN/Pictures/Wallpaper/Genshin_Yae Miko_2.png'
INFO: 2025-12-12 22:19:46,441: do_set_wp() 'Calling do_set_wp with /home/LoOtGobLiN/Pictures/Wallpaper/Genshin_Yae Miko_2.png, time: 1765574386.4415116'
INFO: 2025-12-12 22:19:46,441: prepare_thread() 'Prepared buffer contains 59 images'
INFO: 2025-12-12 22:19:46,498: update_indicator() 'Setting file info to: /home/LoOtGobLiN/Pictures/Wallpaper/Genshin_Yae Miko_2.png'
INFO: 2025-12-12 22:19:48,442: trigger_download() 'Triggering download thread to check if download needed and possible'
INFO: 2025-12-12 22:24:47,313: regular_change_thread() 'regular_change changes wallpaper'
INFO: 2025-12-12 22:24:47,313: set_wallpaper() 'Calling set_wallpaper with /home/LoOtGobLiN/Pictures/Wallpaper/Mecha-Nostalgia.png'
INFO: 2025-12-12 22:24:47,314: prepare_thread() 'Prepared buffer contains 58 images'
INFO: 2025-12-12 22:24:47,314: do_set_wp() 'Calling do_set_wp with /home/LoOtGobLiN/Pictures/Wallpaper/Mecha-Nostalgia.png, time: 1765574687.3146186'
INFO: 2025-12-12 22:24:47,366: update_indicator() 'Setting file info to: /home/LoOtGobLiN/Pictures/Wallpaper/Mecha-Nostalgia.png'
INFO: 2025-12-12 22:24:49,316: trigger_download() 'Triggering download thread to check if download needed and possible'
INFO: 2025-12-12 22:29:48,899: regular_change_thread() 'regular_change changes wallpaper'
INFO: 2025-12-12 22:29:48,899: set_wallpaper() 'Calling set_wallpaper with /home/LoOtGobLiN/Pictures/Wallpaper/wp2154471.jpg'
INFO: 2025-12-12 22:29:48,899: prepare_thread() 'Prepared buffer contains 57 images'
INFO: 2025-12-12 22:29:48,900: do_set_wp() 'Calling do_set_wp with /home/LoOtGobLiN/Pictures/Wallpaper/wp2154471.jpg, time: 1765574988.9003975'
INFO: 2025-12-12 22:29:48,946: update_indicator() 'Setting file info to: /home/LoOtGobLiN/Pictures/Wallpaper/wp2154471.jpg'
INFO: 2025-12-12 22:29:50,902: trigger_download() 'Triggering download thread to check if download needed and possible'
INFO: 2025-12-12 22:34:49,708: regular_change_thread() 'regular_change changes wallpaper'
INFO: 2025-12-12 22:34:49,708: set_wallpaper() 'Calling set_wallpaper with /home/LoOtGobLiN/Pictures/Wallpaper/wallhaven-eyqe3k.jpg'
INFO: 2025-12-12 22:34:49,709: do_set_wp() 'Calling do_set_wp with /home/LoOtGobLiN/Pictures/Wallpaper/wallhaven-eyqe3k.jpg, time: 1765575289.709659'
INFO: 2025-12-12 22:34:49,709: prepare_thread() 'Prepared buffer contains 56 images'
INFO: 2025-12-12 22:34:49,742: update_indicator() 'Setting file info to: /home/LoOtGobLiN/Pictures/Wallpaper/wallhaven-eyqe3k.jpg'
INFO: 2025-12-12 22:34:51,710: trigger_download() 'Triggering download thread to check if download needed and possible'
INFO: 2025-12-12 22:39:50,650: regular_change_thread() 'regular_change changes wallpaper'
INFO: 2025-12-12 22:39:50,650: set_wallpaper() 'Calling set_wallpaper with /home/LoOtGobLiN/Pictures/Wallpaper/wallpapersden.com_landscape-pixel-art_1920x1080.jpg'
INFO: 2025-12-12 22:39:50,652: do_set_wp() 'Calling do_set_wp with /home/LoOtGobLiN/Pictures/Wallpaper/wallpapersden.com_landscape-pixel-art_1920x1080.jpg, time: 1765575590.652327'
INFO: 2025-12-12 22:39:50,653: prepare_thread() 'Prepared buffer contains 55 images'
INFO: 2025-12-12 22:39:50,735: update_indicator() 'Setting file info to: /home/LoOtGobLiN/Pictures/Wallpaper/wallpapersden.com_landscape-pixel-art_1920x1080.jpg'
INFO: 2025-12-12 22:39:52,656: trigger_download() 'Triggering download thread to check if download needed and possible'
INFO: 2025-12-12 22:44:51,779: regular_change_thread() 'regular_change changes wallpaper'
INFO: 2025-12-12 22:44:51,781: set_wallpaper() 'Calling set_wallpaper with /home/LoOtGobLiN/Pictures/Wallpaper/Genshin_Jingliu.png'
INFO: 2025-12-12 22:44:51,782: prepare_thread() 'Prepared buffer contains 54 images'
INFO: 2025-12-12 22:44:51,783: do_set_wp() 'Calling do_set_wp with /home/LoOtGobLiN/Pictures/Wallpaper/Genshin_Jingliu.png, time: 1765575891.783275'
INFO: 2025-12-12 22:44:51,867: update_indicator() 'Setting file info to: /home/LoOtGobLiN/Pictures/Wallpaper/Genshin_Jingliu.png'
INFO: 2025-12-12 22:44:53,786: trigger_download() 'Triggering download thread to check if download needed and possible'
