INFO: 2025-10-25 20:08:58,538: main() 'Using profile folder /home/LoOtGobLiN/.config/variety/'
INFO: 2025-10-25 20:08:58,543: perform_upgrade() 'Last run version was 0.8.12 or earlier, current version is 0.8.12'
INFO: 2025-10-25 20:08:58,767: process_command() 'Received command: []'
INFO: 2025-10-25 20:08:58,769: start() 'Using data_path /usr/share/variety'
INFO: 2025-10-25 20:08:58,769: load() 'Jumble loading'
INFO: 2025-10-25 20:08:58,770: _walk_modules() 'Jumble loading module in __init__ from /usr/lib/python3/dist-packages/variety/plugins/builtin/__init__.py'
INFO: 2025-10-25 20:08:58,775: _walk_modules() 'Jumble loading module in QuotationsPageSource from /usr/lib/python3/dist-packages/variety/plugins/builtin/quotes/QuotationsPageSource.py'
INFO: 2025-10-25 20:08:58,821: load() 'Jumble found plugin class: <class 'QuotationsPageSource.QuotationsPageSource'>: {'name': 'TheQuotationsPage.com', 'description': 'Fetches quotes from TheQuotationsPage.com', 'author': 'Peter Levi', 'version': '0.1'}'
INFO: 2025-10-25 20:08:58,822: _walk_modules() 'Jumble loading module in __init__ from /usr/lib/python3/dist-packages/variety/plugins/builtin/quotes/__init__.py'
INFO: 2025-10-25 20:08:58,822: _walk_modules() 'Jumble loading module in GoodreadsSource from /usr/lib/python3/dist-packages/variety/plugins/builtin/quotes/GoodreadsSource.py'
INFO: 2025-10-25 20:08:58,824: load() 'Jumble found plugin class: <class 'GoodreadsSource.GoodreadsSource'>: {'name': 'Goodreads', 'description': 'Fetches quotes from Goodreads.com', 'author': 'Peter Levi', 'version': '0.1'}'
INFO: 2025-10-25 20:08:58,824: _walk_modules() 'Jumble loading module in FortuneSource from /usr/lib/python3/dist-packages/variety/plugins/builtin/quotes/FortuneSource.py'
INFO: 2025-10-25 20:08:58,825: load() 'Jumble found plugin class: <class 'FortuneSource.FortuneSource'>: {'name': 'UNIX fortune program', 'description': 'Displays quotes using the UNIX fortune program. You may want to install additional fortune packs, e.g. fortunes-bofh-excuses.', 'author': 'Dan Jones', 'version': '0.1'}'
INFO: 2025-10-25 20:08:58,825: _walk_modules() 'Jumble loading module in LocalFilesSource from /usr/lib/python3/dist-packages/variety/plugins/builtin/quotes/LocalFilesSource.py'
INFO: 2025-10-25 20:08:58,826: load() 'Jumble found plugin class: <class 'LocalFilesSource.LocalFilesSource'>: {'name': 'Local text files', 'description': 'Displays quotes, defined in local text files.\nPut your own txt files in: ~/.config/variety/pluginconfig/quotes/.\nThe file format is:\n\nquote -- author\n.\nsecond quote -- another author\n.\netc...\n\nExample: http://rvelthuis.de/zips/quotes.txt', 'author': 'Peter Levi', 'version': '0.1'}'
INFO: 2025-10-25 20:08:58,826: _walk_modules() 'Jumble loading module in UrbanDictionarySource from /usr/lib/python3/dist-packages/variety/plugins/builtin/quotes/UrbanDictionarySource.py'
INFO: 2025-10-25 20:08:58,827: load() 'Jumble found plugin class: <class 'UrbanDictionarySource.UrbanDictionarySource'>: {'name': 'Urban Dictionary', 'description': 'Displays definitions from Urban Dictionary', 'author': 'James Miller', 'version': '0.1'}'
INFO: 2025-10-25 20:08:58,828: _walk_modules() 'Jumble loading module in __init__ from /usr/lib/python3/dist-packages/variety/plugins/builtin/display_modes/__init__.py'
INFO: 2025-10-25 20:08:58,829: _walk_modules() 'Jumble loading module in ResizingDisplayModesPlugin from /usr/lib/python3/dist-packages/variety/plugins/builtin/display_modes/ResizingDisplayModesPlugin.py'
INFO: 2025-10-25 20:08:58,830: load() 'Jumble found plugin class: <class 'ResizingDisplayModesPlugin.ResizingDisplayModesPlugin'>: {'name': 'ResizingDisplayModesPlugin', 'description': 'Display modes that use image resizing within Variety', 'version': '1.0', 'author': 'Peter Levi'}'
INFO: 2025-10-25 20:08:58,830: _walk_modules() 'Jumble loading module in GnomeDisplayModesPlugin from /usr/lib/python3/dist-packages/variety/plugins/builtin/display_modes/GnomeDisplayModesPlugin.py'
INFO: 2025-10-25 20:08:58,831: load() 'Jumble found plugin class: <class 'GnomeDisplayModesPlugin.GnomeDisplayModesPlugin'>: {'name': 'GnomeDisplayModesPlugin', 'description': 'Display modes relying on the underlying desktop environment', 'version': '1.0', 'author': 'Peter Levi'}'
INFO: 2025-10-25 20:08:58,831: _walk_modules() 'Jumble loading module in LegacyDisplayModesPlugin from /usr/lib/python3/dist-packages/variety/plugins/builtin/display_modes/LegacyDisplayModesPlugin.py'
INFO: 2025-10-25 20:08:58,832: load() 'Jumble found plugin class: <class 'LegacyDisplayModesPlugin.LegacyDisplayModesPlugin'>: {'name': 'LegacyDisplayModesPlugin', 'description': 'Legacy display mode for compatibility with past Variety versions', 'version': '1.0', 'author': 'Peter Levi'}'
INFO: 2025-10-25 20:08:58,833: _walk_modules() 'Jumble loading module in WallhavenLegacyDownloader from /usr/lib/python3/dist-packages/variety/plugins/builtin/downloaders/WallhavenLegacyDownloader.py'
INFO: 2025-10-25 20:08:58,835: _walk_modules() 'Jumble loading module in NationalGeographicDownloader from /usr/lib/python3/dist-packages/variety/plugins/builtin/downloaders/NationalGeographicDownloader.py'
INFO: 2025-10-25 20:08:58,835: load() 'Jumble found plugin class: <class 'NationalGeographicDownloader.NationalGeographicDownloader'>: {'name': 'NationalGeographicDownloader', 'description': "National Geographic's photo of the day", 'author': 'Eric Rösch', 'version': '0.1'}'
INFO: 2025-10-25 20:08:58,836: _walk_modules() 'Jumble loading module in UnsplashConfigurableSource from /usr/lib/python3/dist-packages/variety/plugins/builtin/downloaders/UnsplashConfigurableSource.py'
INFO: 2025-10-25 20:08:58,840: load() 'Jumble found plugin class: <class 'UnsplashConfigurableSource.UnsplashConfigurableSource'>: {'name': 'UnsplashConfigurableSource', 'description': 'Configurable source for fetching photos from Unsplash.com', 'author': 'Peter Levi', 'version': '0.1'}'
INFO: 2025-10-25 20:08:58,840: _walk_modules() 'Jumble loading module in APODDownloader from /usr/lib/python3/dist-packages/variety/plugins/builtin/downloaders/APODDownloader.py'
INFO: 2025-10-25 20:08:58,841: load() 'Jumble found plugin class: <class 'APODDownloader.APODDownloader'>: {'name': 'APODDownloader', 'description': 'NASA Astro Pic of the Day', 'author': 'Peter Levi', 'version': '0.1'}'
INFO: 2025-10-25 20:08:58,841: _walk_modules() 'Jumble loading module in RedditSource from /usr/lib/python3/dist-packages/variety/plugins/builtin/downloaders/RedditSource.py'
INFO: 2025-10-25 20:08:58,843: load() 'Jumble found plugin class: <class 'RedditSource.RedditSource'>: {'name': 'RedditSource', 'description': 'Configurable source for fetching images from Reddit', 'author': 'Peter Levi', 'version': '0.1'}'
INFO: 2025-10-25 20:08:58,843: _walk_modules() 'Jumble loading module in UnsplashDownloader from /usr/lib/python3/dist-packages/variety/plugins/builtin/downloaders/UnsplashDownloader.py'
INFO: 2025-10-25 20:08:58,843: load() 'Jumble found plugin class: <class 'UnsplashDownloader.UnsplashDownloader'>: {'name': 'UnsplashDownloader', 'description': 'High-resolution photos from Unsplash.com', 'author': 'Peter Levi', 'version': '0.1'}'
INFO: 2025-10-25 20:08:58,844: _walk_modules() 'Jumble loading module in ArtStationSource from /usr/lib/python3/dist-packages/variety/plugins/builtin/downloaders/ArtStationSource.py'
INFO: 2025-10-25 20:08:58,845: load() 'Jumble found plugin class: <class 'ArtStationSource.ArtStationSource'>: {'name': 'ArtStationSource', 'description': 'Configurable source for fetching images from ArtStation', 'author': 'Denis Gordeev', 'version': '0.1'}'
INFO: 2025-10-25 20:08:58,845: _walk_modules() 'Jumble loading module in __init__ from /usr/lib/python3/dist-packages/variety/plugins/builtin/downloaders/__init__.py'
INFO: 2025-10-25 20:08:58,846: _walk_modules() 'Jumble loading module in EarthviewDownloader from /usr/lib/python3/dist-packages/variety/plugins/builtin/downloaders/EarthviewDownloader.py'
INFO: 2025-10-25 20:08:58,847: load() 'Jumble found plugin class: <class 'EarthviewDownloader.EarthviewDownloader'>: {'name': 'EarthviewDownloader', 'description': 'Google Earth View Wallpapers', 'author': 'Peter Levi', 'version': '0.1'}'
INFO: 2025-10-25 20:08:58,847: _walk_modules() 'Jumble loading module in BingDownloader from /usr/lib/python3/dist-packages/variety/plugins/builtin/downloaders/BingDownloader.py'
INFO: 2025-10-25 20:08:58,848: load() 'Jumble found plugin class: <class 'BingDownloader.BingDownloader'>: {'name': 'BingDownloader', 'description': 'Bing Photo of the Day', 'author': 'Peter Levi', 'version': '0.1'}'
INFO: 2025-10-25 20:08:58,848: _walk_modules() 'Jumble loading module in WallhavenSource from /usr/lib/python3/dist-packages/variety/plugins/builtin/downloaders/WallhavenSource.py'
INFO: 2025-10-25 20:08:58,852: load() 'Jumble found plugin class: <class 'WallhavenSource.WallhavenSource'>: {'name': 'WallhavenSource', 'description': 'Configurable source for fetching images from Wallhaven.cc', 'author': 'Peter Levi', 'version': '0.1'}'
INFO: 2025-10-25 20:08:58,852: _walk_modules() 'Jumble loading module in MediaRSSSource from /usr/lib/python3/dist-packages/variety/plugins/builtin/downloaders/MediaRSSSource.py'
INFO: 2025-10-25 20:08:58,856: load() 'Jumble found plugin class: <class 'MediaRSSSource.MediaRSSSource'>: {'name': 'MediaRSSSource', 'description': 'Configurable source for fetching images from MediaRSS feeds', 'author': 'Peter Levi', 'version': '0.1'}'
INFO: 2025-10-25 20:08:58,856: _walk_modules() 'Jumble loading module in ArtStationDownloader from /usr/lib/python3/dist-packages/variety/plugins/builtin/downloaders/ArtStationDownloader.py'
INFO: 2025-10-25 20:08:58,856: _walk_modules() 'Jumble loading module in MediaRSSDownloader from /usr/lib/python3/dist-packages/variety/plugins/builtin/downloaders/MediaRSSDownloader.py'
INFO: 2025-10-25 20:08:58,856: _walk_modules() 'Jumble loading module in RedditDownloader from /usr/lib/python3/dist-packages/variety/plugins/builtin/downloaders/RedditDownloader.py'
INFO: 2025-10-25 20:08:58,856: _walk_modules() 'Jumble loading module in WallhavenDownloader from /usr/lib/python3/dist-packages/variety/plugins/builtin/downloaders/WallhavenDownloader.py'
INFO: 2025-10-25 20:08:58,876: log_options() 'Loaded options:'
INFO: 2025-10-25 20:08:58,877: log_options() 'change_enabled = True'
INFO: 2025-10-25 20:08:58,877: log_options() 'change_interval = 300'
INFO: 2025-10-25 20:08:58,877: log_options() 'change_on_start = False'
INFO: 2025-10-25 20:08:58,877: log_options() 'clipboard_enabled = False'
INFO: 2025-10-25 20:08:58,877: log_options() 'clipboard_hosts = ['wallhaven.cc', 'wallpapers.net', 'flickr.com', 'imgur.com', 'deviantart.com', 'interfacelift.com', 'vladstudio.com', 'imageshack.us', 'deviantart.net', 'imageshack.com']'
INFO: 2025-10-25 20:08:58,877: log_options() 'clipboard_use_whitelist = True'
INFO: 2025-10-25 20:08:58,877: log_options() 'clock_date_font = Ubuntu Condensed 30'
INFO: 2025-10-25 20:08:58,877: log_options() 'clock_enabled = False'
INFO: 2025-10-25 20:08:58,877: log_options() 'clock_filter = -density 100 -font `fc-match -f '%{file[0]}' '%CLOCK_FONT_NAME'` -pointsize %CLOCK_FONT_SIZE -gravity SouthEast -fill '#00000044' -annotate 0x0+[%HOFFSET+58]+[%VOFFSET+108] '%H:%M' -fill white -annotate 0x0+[%HOFFSET+60]+[%VOFFSET+110] '%H:%M' -font `fc-match -f '%{file[0]}' '%DATE_FONT_NAME'` -pointsize %DATE_FONT_SIZE -fill '#00000044' -annotate 0x0+[%HOFFSET+58]+[%VOFFSET+58] '%A, %B %d' -fill white -annotate 0x0+[%HOFFSET+60]+[%VOFFSET+60] '%A, %B %d''
INFO: 2025-10-25 20:08:58,877: log_options() 'clock_font = Liberation Mono Bold 70'
INFO: 2025-10-25 20:08:58,877: log_options() 'configfile = /home/LoOtGobLiN/.config/variety/variety.conf'
INFO: 2025-10-25 20:08:58,877: log_options() 'copyto_enabled = True'
INFO: 2025-10-25 20:08:58,877: log_options() 'copyto_folder = Default'
INFO: 2025-10-25 20:08:58,877: log_options() 'desired_color = [160, 160, 160]'
INFO: 2025-10-25 20:08:58,877: log_options() 'desired_color_enabled = False'
INFO: 2025-10-25 20:08:58,877: log_options() 'download_folder = /home/LoOtGobLiN/.config/variety/Downloaded'
INFO: 2025-10-25 20:08:58,877: log_options() 'download_preference_ratio = 0.9'
INFO: 2025-10-25 20:08:58,877: log_options() 'favorites_folder = /home/LoOtGobLiN/.config/variety/Favorites'
INFO: 2025-10-25 20:08:58,877: log_options() 'favorites_operations = [['/', 'Both']]'
INFO: 2025-10-25 20:08:58,877: log_options() 'fetched_folder = /home/LoOtGobLiN/.config/variety/Fetched'
INFO: 2025-10-25 20:08:58,877: log_options() 'filters = [[False, 'Keep original', ''], [False, 'Grayscale', '-type Grayscale'], [False, 'Heavy blur', '-scale 20% -blur 0x10 -resize 500%'], [False, 'Soft blur', '-scale 20% -blur 0x2 -resize 500%'], [False, 'Oil painting', '-paint 8'], [False, 'Pointilism', '-spread 10 -noise 3'], [False, 'Pixellate', '-scale 3% -scale 3333%']]'
INFO: 2025-10-25 20:08:58,877: log_options() 'get_wallpaper_script = /home/LoOtGobLiN/.config/variety/scripts/get_wallpaper'
INFO: 2025-10-25 20:08:58,877: log_options() 'icon = Light'
INFO: 2025-10-25 20:08:58,877: log_options() 'internet_enabled = False'
INFO: 2025-10-25 20:08:58,877: log_options() 'lightness_enabled = False'
INFO: 2025-10-25 20:08:58,877: log_options() 'lightness_mode = 0'
INFO: 2025-10-25 20:08:58,877: log_options() 'min_rating = 4'
INFO: 2025-10-25 20:08:58,877: log_options() 'min_rating_enabled = False'
INFO: 2025-10-25 20:08:58,877: log_options() 'min_size = 80'
INFO: 2025-10-25 20:08:58,877: log_options() 'min_size_enabled = False'
INFO: 2025-10-25 20:08:58,877: log_options() 'quota_enabled = True'
INFO: 2025-10-25 20:08:58,877: log_options() 'quota_size = 1000'
INFO: 2025-10-25 20:08:58,877: log_options() 'quotes_authors = '
INFO: 2025-10-25 20:08:58,877: log_options() 'quotes_bg_color = [80, 80, 80]'
INFO: 2025-10-25 20:08:58,877: log_options() 'quotes_bg_opacity = 55'
INFO: 2025-10-25 20:08:58,877: log_options() 'quotes_change_enabled = False'
INFO: 2025-10-25 20:08:58,877: log_options() 'quotes_change_interval = 300'
INFO: 2025-10-25 20:08:58,877: log_options() 'quotes_disabled_sources = ['Urban Dictionary']'
INFO: 2025-10-25 20:08:58,877: log_options() 'quotes_enabled = False'
INFO: 2025-10-25 20:08:58,877: log_options() 'quotes_favorites_file = /home/LoOtGobLiN/.config/variety/favorite_quotes.txt'
INFO: 2025-10-25 20:08:58,877: log_options() 'quotes_font = Serif 30'
INFO: 2025-10-25 20:08:58,877: log_options() 'quotes_hpos = 100'
INFO: 2025-10-25 20:08:58,877: log_options() 'quotes_max_length = 250'
INFO: 2025-10-25 20:08:58,877: log_options() 'quotes_tags = '
INFO: 2025-10-25 20:08:58,877: log_options() 'quotes_text_color = [255, 255, 255]'
INFO: 2025-10-25 20:08:58,877: log_options() 'quotes_text_shadow = False'
INFO: 2025-10-25 20:08:58,877: log_options() 'quotes_vpos = 40'
INFO: 2025-10-25 20:08:58,877: log_options() 'quotes_width = 70'
INFO: 2025-10-25 20:08:58,877: log_options() 'safe_mode = False'
INFO: 2025-10-25 20:08:58,877: log_options() 'set_wallpaper_script = /home/LoOtGobLiN/.config/variety/scripts/set_wallpaper'
INFO: 2025-10-25 20:08:58,877: log_options() 'slideshow_custom_enabled = False'
INFO: 2025-10-25 20:08:58,877: log_options() 'slideshow_custom_folder = /home/LoOtGobLiN/Pictures'
INFO: 2025-10-25 20:08:58,877: log_options() 'slideshow_downloads_enabled = False'
INFO: 2025-10-25 20:08:58,878: log_options() 'slideshow_fade = 0.4'
INFO: 2025-10-25 20:08:58,878: log_options() 'slideshow_favorites_enabled = True'
INFO: 2025-10-25 20:08:58,878: log_options() 'slideshow_mode = Fullscreen'
INFO: 2025-10-25 20:08:58,878: log_options() 'slideshow_monitor = All'
INFO: 2025-10-25 20:08:58,878: log_options() 'slideshow_pan = 0.05'
INFO: 2025-10-25 20:08:58,878: log_options() 'slideshow_seconds = 6.0'
INFO: 2025-10-25 20:08:58,878: log_options() 'slideshow_sort_order = Random'
INFO: 2025-10-25 20:08:58,878: log_options() 'slideshow_sources_enabled = True'
INFO: 2025-10-25 20:08:58,878: log_options() 'slideshow_zoom = 0.2'
INFO: 2025-10-25 20:08:58,878: log_options() 'smart_enabled = False'
INFO: 2025-10-25 20:08:58,878: log_options() 'smart_notice_shown = False'
INFO: 2025-10-25 20:08:58,878: log_options() 'smart_register_shown = False'
INFO: 2025-10-25 20:08:58,878: log_options() 'sources = [[False, 'favorites', 'The Favorites folder'], [False, 'fetched', 'The Fetched folder'], [False, 'folder', '/usr/share/backgrounds'], [False, 'flickr', 'user:www.flickr.com/photos/peter-levi/;user_id:93647178@N00;'], [False, 'apod', "NASA's Astronomy Picture of the Day"], [False, 'bing', 'Bing Photo of the Day'], [False, 'earthview', 'Google Earth View Wallpapers'], [False, 'natgeo', "National Geographic's photo of the day"], [False, 'unsplash', 'High-resolution photos from Unsplash.com'], [False, 'folder', '/home/LoOtGobLiN/Pictures'], [True, 'folder', '/home/LoOtGobLiN/Pictures/Wallpaper']]'
INFO: 2025-10-25 20:08:58,878: log_options() 'stats_enabled = True'
INFO: 2025-10-25 20:08:58,878: log_options() 'stats_notice_shown = False'
INFO: 2025-10-25 20:08:58,878: log_options() 'sync_enabled = True'
INFO: 2025-10-25 20:08:58,878: log_options() 'use_landscape_enabled = True'
INFO: 2025-10-25 20:08:58,878: log_options() 'wallhaven_api_key = '
INFO: 2025-10-25 20:08:58,878: log_options() 'wallpaper_auto_rotate = False'
INFO: 2025-10-25 20:08:58,878: log_options() 'wallpaper_display_mode = smart'
INFO: 2025-10-25 20:08:58,878: reload_config() 'No need to clear prepared queue'
INFO: 2025-10-25 20:08:58,878: update_indicator() 'Setting file info to: /home/LoOtGobLiN/Pictures/Wallpaper/Scifi-Room.png'
INFO: 2025-10-25 20:08:59,302: load_banned() 'Missing or invalid banned URLs list, no URLs will be banned'
INFO: 2025-10-25 20:08:59,302: load_last_change_time() 'Change interval < 6 hours, ignore persisted last_change_time, wait initially the whole interval: 300'
INFO: 2025-10-25 20:08:59,302: update_indicator() 'Setting file info to: /home/LoOtGobLiN/Pictures/Wallpaper/Scifi-Room.png'
INFO: 2025-10-25 20:08:59,307: regular_change_thread() 'regular_change thread running'
INFO: 2025-10-25 20:08:59,309: prepare_thread() 'Prepare thread running'
INFO: 2025-10-25 20:08:59,309: prepare_thread() 'Prepared buffer contains 0 images'
INFO: 2025-10-25 20:08:59,309: prepare_thread() 'Preparing some images'
INFO: 2025-10-25 20:08:59,352: update_indicator_icon() 'Creating indicator'
WARNING: 2025-10-25 20:08:59,360: create_menu() 'Variety Slideshow is not installed. This is an optional extension adding pan-and-zoom slideshows to Variety: see https://github.com/peterlevi/variety-slideshow for details'
INFO: 2025-10-25 20:08:59,361: create_indicator() 'indicator backend: AyatanaAppIndicator3'
INFO: 2025-10-25 20:08:59,384: set_from_theme_icon() 'Showing indicator icon variety-indicator from GTK theme'
INFO: 2025-10-25 20:08:59,410: do_set_wp() 'Calling do_set_wp with /home/LoOtGobLiN/Pictures/Wallpaper/Scifi-Room.png, time: 1761419339.4104276'
INFO: 2025-10-25 20:08:59,491: update_indicator() 'Setting file info to: /home/LoOtGobLiN/Pictures/Wallpaper/Scifi-Room.png'
INFO: 2025-10-25 20:08:59,541: prepare_thread() 'After search prepared buffer contains 100 images'
INFO: 2025-10-25 20:09:01,503: reload() 'Reloading preferences dialog'
INFO: 2025-10-25 20:09:01,560: trigger_download() 'Triggering download thread to check if download needed and possible'
INFO: 2025-10-25 20:09:23,012: set_wallpaper() 'Calling set_wallpaper with /home/LoOtGobLiN/Pictures/Wallpaper/Game-GTA.png'
INFO: 2025-10-25 20:09:23,012: do_set_wp() 'Calling do_set_wp with /home/LoOtGobLiN/Pictures/Wallpaper/Game-GTA.png, time: 1761419363.0128021'
INFO: 2025-10-25 20:09:23,013: prepare_thread() 'Prepared buffer contains 99 images'
INFO: 2025-10-25 20:09:23,119: update_indicator() 'Setting file info to: /home/LoOtGobLiN/Pictures/Wallpaper/Game-GTA.png'
INFO: 2025-10-25 20:09:25,013: trigger_download() 'Triggering download thread to check if download needed and possible'
INFO: 2025-10-25 20:09:26,734: set_wallpaper() 'Calling set_wallpaper with /home/LoOtGobLiN/Pictures/Wallpaper/Wuthering_Shorekeeper_2.png'
INFO: 2025-10-25 20:09:26,734: do_set_wp() 'Calling do_set_wp with /home/LoOtGobLiN/Pictures/Wallpaper/Wuthering_Shorekeeper_2.png, time: 1761419366.7346764'
INFO: 2025-10-25 20:09:26,735: prepare_thread() 'Prepared buffer contains 98 images'
INFO: 2025-10-25 20:09:26,828: update_indicator() 'Setting file info to: /home/LoOtGobLiN/Pictures/Wallpaper/Wuthering_Shorekeeper_2.png'
INFO: 2025-10-25 20:09:28,836: trigger_download() 'Triggering download thread to check if download needed and possible'
INFO: 2025-10-25 20:09:28,838: set_wallpaper() 'Calling set_wallpaper with /home/LoOtGobLiN/Pictures/Wallpaper/3vashinji.png'
INFO: 2025-10-25 20:09:28,839: prepare_thread() 'Prepared buffer contains 97 images'
INFO: 2025-10-25 20:09:28,839: do_set_wp() 'Calling do_set_wp with /home/LoOtGobLiN/Pictures/Wallpaper/3vashinji.png, time: 1761419368.8399813'
INFO: 2025-10-25 20:09:28,904: update_indicator() 'Setting file info to: /home/LoOtGobLiN/Pictures/Wallpaper/3vashinji.png'
INFO: 2025-10-25 20:09:30,889: trigger_download() 'Triggering download thread to check if download needed and possible'
INFO: 2025-10-25 20:09:31,015: set_wallpaper() 'Calling set_wallpaper with /home/LoOtGobLiN/Pictures/Wallpaper/girl_umbrella_anime_141156_1920x1080.jpg'
INFO: 2025-10-25 20:09:31,015: do_set_wp() 'Calling do_set_wp with /home/LoOtGobLiN/Pictures/Wallpaper/girl_umbrella_anime_141156_1920x1080.jpg, time: 1761419371.0158837'
INFO: 2025-10-25 20:09:31,015: prepare_thread() 'Prepared buffer contains 96 images'
INFO: 2025-10-25 20:09:31,061: update_indicator() 'Setting file info to: /home/LoOtGobLiN/Pictures/Wallpaper/girl_umbrella_anime_141156_1920x1080.jpg'
INFO: 2025-10-25 20:09:32,763: set_wallpaper() 'Calling set_wallpaper with /home/LoOtGobLiN/Pictures/Wallpaper/girl_hood_ears_1013418_1920x1080.jpg'
INFO: 2025-10-25 20:09:32,763: do_set_wp() 'Calling do_set_wp with /home/LoOtGobLiN/Pictures/Wallpaper/girl_hood_ears_1013418_1920x1080.jpg, time: 1761419372.7638547'
INFO: 2025-10-25 20:09:32,764: prepare_thread() 'Prepared buffer contains 95 images'
INFO: 2025-10-25 20:09:32,811: update_indicator() 'Setting file info to: /home/LoOtGobLiN/Pictures/Wallpaper/girl_hood_ears_1013418_1920x1080.jpg'
INFO: 2025-10-25 20:09:33,017: trigger_download() 'Triggering download thread to check if download needed and possible'
INFO: 2025-10-25 20:09:34,309: set_wallpaper() 'Calling set_wallpaper with /home/LoOtGobLiN/Pictures/Wallpaper/4598728-sky-digital-art-space-art-fantasy-art-artwork-trees-reflection-anime-water-chair-stars-moon-island-clouds-sunset-bonsai.jpg'
INFO: 2025-10-25 20:09:34,309: prepare_thread() 'Prepared buffer contains 94 images'
INFO: 2025-10-25 20:09:34,309: do_set_wp() 'Calling do_set_wp with /home/LoOtGobLiN/Pictures/Wallpaper/4598728-sky-digital-art-space-art-fantasy-art-artwork-trees-reflection-anime-water-chair-stars-moon-island-clouds-sunset-bonsai.jpg, time: 1761419374.309725'
INFO: 2025-10-25 20:09:34,352: update_indicator() 'Setting file info to: /home/LoOtGobLiN/Pictures/Wallpaper/4598728-sky-digital-art-space-art-fantasy-art-artwork-trees-reflection-anime-water-chair-stars-moon-island-clouds-sunset-bonsai.jpg'
INFO: 2025-10-25 20:09:34,769: trigger_download() 'Triggering download thread to check if download needed and possible'
INFO: 2025-10-25 20:09:36,309: trigger_download() 'Triggering download thread to check if download needed and possible'
INFO: 2025-10-25 20:09:37,112: set_wallpaper() 'Calling set_wallpaper with /home/LoOtGobLiN/Pictures/Wallpaper/Lofi-Cafe2.png'
INFO: 2025-10-25 20:09:37,120: do_set_wp() 'Calling do_set_wp with /home/LoOtGobLiN/Pictures/Wallpaper/Lofi-Cafe2.png, time: 1761419377.120077'
INFO: 2025-10-25 20:09:37,123: prepare_thread() 'Prepared buffer contains 93 images'
INFO: 2025-10-25 20:09:37,352: update_indicator() 'Setting file info to: /home/LoOtGobLiN/Pictures/Wallpaper/Lofi-Cafe2.png'
INFO: 2025-10-25 20:09:39,128: trigger_download() 'Triggering download thread to check if download needed and possible'
INFO: 2025-10-25 20:09:41,377: set_wallpaper() 'Calling set_wallpaper with /home/LoOtGobLiN/Pictures/Wallpaper/Pastel-Window.png'
INFO: 2025-10-25 20:09:41,378: do_set_wp() 'Calling do_set_wp with /home/LoOtGobLiN/Pictures/Wallpaper/Pastel-Window.png, time: 1761419381.378146'
INFO: 2025-10-25 20:09:41,378: prepare_thread() 'Prepared buffer contains 92 images'
INFO: 2025-10-25 20:09:41,427: update_indicator() 'Setting file info to: /home/LoOtGobLiN/Pictures/Wallpaper/Pastel-Window.png'
INFO: 2025-10-25 20:09:43,381: trigger_download() 'Triggering download thread to check if download needed and possible'
INFO: 2025-10-25 20:09:44,361: set_wallpaper() 'Calling set_wallpaper with /home/LoOtGobLiN/Pictures/Wallpaper/Mecha-Nostalgia.png'
INFO: 2025-10-25 20:09:44,362: prepare_thread() 'Prepared buffer contains 91 images'
INFO: 2025-10-25 20:09:44,362: do_set_wp() 'Calling do_set_wp with /home/LoOtGobLiN/Pictures/Wallpaper/Mecha-Nostalgia.png, time: 1761419384.3625333'
INFO: 2025-10-25 20:09:44,418: update_indicator() 'Setting file info to: /home/LoOtGobLiN/Pictures/Wallpaper/Mecha-Nostalgia.png'
INFO: 2025-10-25 20:09:46,194: set_wallpaper() 'Calling set_wallpaper with /home/LoOtGobLiN/Pictures/Wallpaper/Wuthering_Jianxin.png'
INFO: 2025-10-25 20:09:46,194: prepare_thread() 'Prepared buffer contains 90 images'
INFO: 2025-10-25 20:09:46,195: do_set_wp() 'Calling do_set_wp with /home/LoOtGobLiN/Pictures/Wallpaper/Wuthering_Jianxin.png, time: 1761419386.1950448'
INFO: 2025-10-25 20:09:46,368: trigger_download() 'Triggering download thread to check if download needed and possible'
INFO: 2025-10-25 20:09:46,408: update_indicator() 'Setting file info to: /home/LoOtGobLiN/Pictures/Wallpaper/Wuthering_Jianxin.png'
INFO: 2025-10-25 20:09:48,195: trigger_download() 'Triggering download thread to check if download needed and possible'
INFO: 2025-10-25 20:09:49,243: set_wallpaper() 'Calling set_wallpaper with /home/LoOtGobLiN/Pictures/Wallpaper/Fate_Artoria Pendragon.png'
INFO: 2025-10-25 20:09:49,244: do_set_wp() 'Calling do_set_wp with /home/LoOtGobLiN/Pictures/Wallpaper/Fate_Artoria Pendragon.png, time: 1761419389.2442212'
INFO: 2025-10-25 20:09:49,244: prepare_thread() 'Prepared buffer contains 89 images'
INFO: 2025-10-25 20:09:49,347: update_indicator() 'Setting file info to: /home/LoOtGobLiN/Pictures/Wallpaper/Fate_Artoria Pendragon.png'
INFO: 2025-10-25 20:09:51,245: trigger_download() 'Triggering download thread to check if download needed and possible'
INFO: 2025-10-25 20:09:52,641: set_wallpaper() 'Calling set_wallpaper with /home/LoOtGobLiN/Pictures/Wallpaper/wp3228145.jpg'
INFO: 2025-10-25 20:09:52,642: do_set_wp() 'Calling do_set_wp with /home/LoOtGobLiN/Pictures/Wallpaper/wp3228145.jpg, time: 1761419392.6423266'
INFO: 2025-10-25 20:09:52,642: prepare_thread() 'Prepared buffer contains 88 images'
INFO: 2025-10-25 20:09:52,689: update_indicator() 'Setting file info to: /home/LoOtGobLiN/Pictures/Wallpaper/wp3228145.jpg'
INFO: 2025-10-25 20:09:54,643: trigger_download() 'Triggering download thread to check if download needed and possible'
INFO: 2025-10-25 20:09:56,641: set_wallpaper() 'Calling set_wallpaper with /home/LoOtGobLiN/Pictures/Wallpaper/Scifi-Room.png'
INFO: 2025-10-25 20:09:56,642: do_set_wp() 'Calling do_set_wp with /home/LoOtGobLiN/Pictures/Wallpaper/Scifi-Room.png, time: 1761419396.6420538'
INFO: 2025-10-25 20:09:56,642: prepare_thread() 'Prepared buffer contains 87 images'
INFO: 2025-10-25 20:09:56,694: update_indicator() 'Setting file info to: /home/LoOtGobLiN/Pictures/Wallpaper/Scifi-Room.png'
INFO: 2025-10-25 20:09:58,683: trigger_download() 'Triggering download thread to check if download needed and possible'
INFO: 2025-10-25 20:09:58,798: set_wallpaper() 'Calling set_wallpaper with /home/LoOtGobLiN/Pictures/Wallpaper/Genshin_Ayaka.png'
INFO: 2025-10-25 20:09:58,798: do_set_wp() 'Calling do_set_wp with /home/LoOtGobLiN/Pictures/Wallpaper/Genshin_Ayaka.png, time: 1761419398.798811'
INFO: 2025-10-25 20:09:58,803: prepare_thread() 'Prepared buffer contains 86 images'
INFO: 2025-10-25 20:09:58,937: update_indicator() 'Setting file info to: /home/LoOtGobLiN/Pictures/Wallpaper/Genshin_Ayaka.png'
INFO: 2025-10-25 20:10:00,978: trigger_download() 'Triggering download thread to check if download needed and possible'
INFO: 2025-10-25 20:10:03,906: set_wallpaper() 'Calling set_wallpaper with /home/LoOtGobLiN/Pictures/Wallpaper/Zenless_Hoshimi Miyabi.png'
INFO: 2025-10-25 20:10:03,906: do_set_wp() 'Calling do_set_wp with /home/LoOtGobLiN/Pictures/Wallpaper/Zenless_Hoshimi Miyabi.png, time: 1761419403.9067674'
INFO: 2025-10-25 20:10:03,906: prepare_thread() 'Prepared buffer contains 85 images'
INFO: 2025-10-25 20:10:04,019: update_indicator() 'Setting file info to: /home/LoOtGobLiN/Pictures/Wallpaper/Zenless_Hoshimi Miyabi.png'
INFO: 2025-10-25 20:10:05,908: trigger_download() 'Triggering download thread to check if download needed and possible'
INFO: 2025-10-25 20:10:06,132: set_wallpaper() 'Calling set_wallpaper with /home/LoOtGobLiN/Pictures/Wallpaper/Night_City.png'
INFO: 2025-10-25 20:10:06,133: do_set_wp() 'Calling do_set_wp with /home/LoOtGobLiN/Pictures/Wallpaper/Night_City.png, time: 1761419406.133055'
INFO: 2025-10-25 20:10:06,133: prepare_thread() 'Prepared buffer contains 84 images'
INFO: 2025-10-25 20:10:06,180: update_indicator() 'Setting file info to: /home/LoOtGobLiN/Pictures/Wallpaper/Night_City.png'
INFO: 2025-10-25 20:10:08,138: trigger_download() 'Triggering download thread to check if download needed and possible'
INFO: 2025-10-25 20:10:08,378: set_wallpaper() 'Calling set_wallpaper with /home/LoOtGobLiN/Pictures/Wallpaper/StarRail_Seele.png'
INFO: 2025-10-25 20:10:08,378: do_set_wp() 'Calling do_set_wp with /home/LoOtGobLiN/Pictures/Wallpaper/StarRail_Seele.png, time: 1761419408.37859'
INFO: 2025-10-25 20:10:08,378: prepare_thread() 'Prepared buffer contains 83 images'
INFO: 2025-10-25 20:10:08,468: update_indicator() 'Setting file info to: /home/LoOtGobLiN/Pictures/Wallpaper/StarRail_Seele.png'
INFO: 2025-10-25 20:10:10,241: set_wallpaper() 'Calling set_wallpaper with /home/LoOtGobLiN/Pictures/Wallpaper/Arknight_Wiš'adel.png'
INFO: 2025-10-25 20:10:10,241: do_set_wp() 'Calling do_set_wp with /home/LoOtGobLiN/Pictures/Wallpaper/Arknight_Wiš'adel.png, time: 1761419410.2417564'
INFO: 2025-10-25 20:10:10,241: prepare_thread() 'Prepared buffer contains 82 images'
INFO: 2025-10-25 20:10:10,313: update_indicator() 'Setting file info to: /home/LoOtGobLiN/Pictures/Wallpaper/Arknight_Wiš'adel.png'
INFO: 2025-10-25 20:10:10,380: trigger_download() 'Triggering download thread to check if download needed and possible'
INFO: 2025-10-25 20:10:11,545: set_wallpaper() 'Calling set_wallpaper with /home/LoOtGobLiN/Pictures/Wallpaper/Fantasy-Lanscape-Night.png'
INFO: 2025-10-25 20:10:11,546: prepare_thread() 'Prepared buffer contains 81 images'
INFO: 2025-10-25 20:10:11,546: do_set_wp() 'Calling do_set_wp with /home/LoOtGobLiN/Pictures/Wallpaper/Fantasy-Lanscape-Night.png, time: 1761419411.5463026'
INFO: 2025-10-25 20:10:11,655: update_indicator() 'Setting file info to: /home/LoOtGobLiN/Pictures/Wallpaper/Fantasy-Lanscape-Night.png'
INFO: 2025-10-25 20:10:12,244: trigger_download() 'Triggering download thread to check if download needed and possible'
INFO: 2025-10-25 20:10:13,215: set_wallpaper() 'Calling set_wallpaper with /home/LoOtGobLiN/Pictures/Wallpaper/1347155(1).png'
INFO: 2025-10-25 20:10:13,215: prepare_thread() 'Prepared buffer contains 80 images'
INFO: 2025-10-25 20:10:13,216: do_set_wp() 'Calling do_set_wp with /home/LoOtGobLiN/Pictures/Wallpaper/1347155(1).png, time: 1761419413.216063'
INFO: 2025-10-25 20:10:13,218: apply_display_mode() 'ImageMagick display mode cmd: convert '/home/LoOtGobLiN/Pictures/Wallpaper/1347155(1).png' -resize 1920x1080^ -gravity center -extent 1920x1080 -scale 10% -blur 0x3 -resize 1000% -clone 0 -resize 1920x1080 -size 1920x1080 -gravity center -composite /home/LoOtGobLiN/.config/variety/wallpaper/wallpaper-zoomed-e9790f5e236155c4220b9e7925756ee8.jpg'
INFO: 2025-10-25 20:10:13,562: trigger_download() 'Triggering download thread to check if download needed and possible'
INFO: 2025-10-25 20:10:13,717: update_indicator() 'Setting file info to: /home/LoOtGobLiN/Pictures/Wallpaper/1347155(1).png'
INFO: 2025-10-25 20:10:15,217: trigger_download() 'Triggering download thread to check if download needed and possible'
INFO: 2025-10-25 20:10:15,580: set_wallpaper() 'Calling set_wallpaper with /home/LoOtGobLiN/Pictures/Wallpaper/conv-cosmos.png'
INFO: 2025-10-25 20:10:15,581: do_set_wp() 'Calling do_set_wp with /home/LoOtGobLiN/Pictures/Wallpaper/conv-cosmos.png, time: 1761419415.581127'
INFO: 2025-10-25 20:10:15,581: prepare_thread() 'Prepared buffer contains 79 images'
INFO: 2025-10-25 20:10:15,631: update_indicator() 'Setting file info to: /home/LoOtGobLiN/Pictures/Wallpaper/conv-cosmos.png'
INFO: 2025-10-25 20:10:17,582: trigger_download() 'Triggering download thread to check if download needed and possible'
INFO: 2025-10-25 20:15:16,665: regular_change_thread() 'regular_change changes wallpaper'
INFO: 2025-10-25 20:15:16,665: set_wallpaper() 'Calling set_wallpaper with /home/LoOtGobLiN/Pictures/Wallpaper/arch-chan_to.png'
INFO: 2025-10-25 20:15:16,666: do_set_wp() 'Calling do_set_wp with /home/LoOtGobLiN/Pictures/Wallpaper/arch-chan_to.png, time: 1761419716.6660378'
INFO: 2025-10-25 20:15:16,665: prepare_thread() 'Prepared buffer contains 78 images'
INFO: 2025-10-25 20:15:16,705: update_indicator() 'Setting file info to: /home/LoOtGobLiN/Pictures/Wallpaper/arch-chan_to.png'
INFO: 2025-10-25 20:15:18,670: trigger_download() 'Triggering download thread to check if download needed and possible'
INFO: 2025-10-25 20:20:17,975: regular_change_thread() 'regular_change changes wallpaper'
INFO: 2025-10-25 20:20:17,976: set_wallpaper() 'Calling set_wallpaper with /home/LoOtGobLiN/Pictures/Wallpaper/bfa6cb0b8967fc8a9133563e3c277310.jpg'
INFO: 2025-10-25 20:20:17,976: do_set_wp() 'Calling do_set_wp with /home/LoOtGobLiN/Pictures/Wallpaper/bfa6cb0b8967fc8a9133563e3c277310.jpg, time: 1761420017.97676'
INFO: 2025-10-25 20:20:17,976: prepare_thread() 'Prepared buffer contains 77 images'
INFO: 2025-10-25 20:20:18,004: update_indicator() 'Setting file info to: /home/LoOtGobLiN/Pictures/Wallpaper/bfa6cb0b8967fc8a9133563e3c277310.jpg'
INFO: 2025-10-25 20:20:19,983: trigger_download() 'Triggering download thread to check if download needed and possible'
INFO: 2025-10-25 20:25:18,657: regular_change_thread() 'regular_change changes wallpaper'
INFO: 2025-10-25 20:25:18,658: set_wallpaper() 'Calling set_wallpaper with /home/LoOtGobLiN/Pictures/Wallpaper/Fantasy-Medieval_Travern.png'
INFO: 2025-10-25 20:25:18,659: prepare_thread() 'Prepared buffer contains 76 images'
INFO: 2025-10-25 20:25:18,659: do_set_wp() 'Calling do_set_wp with /home/LoOtGobLiN/Pictures/Wallpaper/Fantasy-Medieval_Travern.png, time: 1761420318.65995'
INFO: 2025-10-25 20:25:18,873: update_indicator() 'Setting file info to: /home/LoOtGobLiN/Pictures/Wallpaper/Fantasy-Medieval_Travern.png'
INFO: 2025-10-25 20:25:20,664: trigger_download() 'Triggering download thread to check if download needed and possible'
INFO: 2025-10-25 20:30:20,455: regular_change_thread() 'regular_change changes wallpaper'
INFO: 2025-10-25 20:30:20,455: set_wallpaper() 'Calling set_wallpaper with /home/LoOtGobLiN/Pictures/Wallpaper/kitty_dark.png'
INFO: 2025-10-25 20:30:20,455: prepare_thread() 'Prepared buffer contains 75 images'
INFO: 2025-10-25 20:30:20,457: do_set_wp() 'Calling do_set_wp with /home/LoOtGobLiN/Pictures/Wallpaper/kitty_dark.png, time: 1761420620.4572015'
INFO: 2025-10-25 20:30:20,491: update_indicator() 'Setting file info to: /home/LoOtGobLiN/Pictures/Wallpaper/kitty_dark.png'
INFO: 2025-10-25 20:30:22,459: trigger_download() 'Triggering download thread to check if download needed and possible'
INFO: 2025-10-25 20:35:21,607: regular_change_thread() 'regular_change changes wallpaper'
INFO: 2025-10-25 20:35:21,607: set_wallpaper() 'Calling set_wallpaper with /home/LoOtGobLiN/Pictures/Wallpaper/0306.jpg'
INFO: 2025-10-25 20:35:21,608: prepare_thread() 'Prepared buffer contains 74 images'
INFO: 2025-10-25 20:35:21,609: do_set_wp() 'Calling do_set_wp with /home/LoOtGobLiN/Pictures/Wallpaper/0306.jpg, time: 1761420921.6091092'
INFO: 2025-10-25 20:35:21,649: update_indicator() 'Setting file info to: /home/LoOtGobLiN/Pictures/Wallpaper/0306.jpg'
INFO: 2025-10-25 20:35:23,609: trigger_download() 'Triggering download thread to check if download needed and possible'
INFO: 2025-10-25 20:40:22,670: regular_change_thread() 'regular_change changes wallpaper'
INFO: 2025-10-25 20:40:22,672: set_wallpaper() 'Calling set_wallpaper with /home/LoOtGobLiN/Pictures/Wallpaper/wp9434242.png'
INFO: 2025-10-25 20:40:22,672: prepare_thread() 'Prepared buffer contains 73 images'
INFO: 2025-10-25 20:40:22,674: do_set_wp() 'Calling do_set_wp with /home/LoOtGobLiN/Pictures/Wallpaper/wp9434242.png, time: 1761421222.6742904'
INFO: 2025-10-25 20:40:22,790: update_indicator() 'Setting file info to: /home/LoOtGobLiN/Pictures/Wallpaper/wp9434242.png'
INFO: 2025-10-25 20:40:24,677: trigger_download() 'Triggering download thread to check if download needed and possible'
INFO: 2025-10-25 20:45:24,375: regular_change_thread() 'regular_change changes wallpaper'
INFO: 2025-10-25 20:45:24,376: set_wallpaper() 'Calling set_wallpaper with /home/LoOtGobLiN/Pictures/Wallpaper/Genshin_Fischl.png'
INFO: 2025-10-25 20:45:24,376: prepare_thread() 'Prepared buffer contains 72 images'
INFO: 2025-10-25 20:45:24,378: do_set_wp() 'Calling do_set_wp with /home/LoOtGobLiN/Pictures/Wallpaper/Genshin_Fischl.png, time: 1761421524.3780062'
INFO: 2025-10-25 20:45:24,433: update_indicator() 'Setting file info to: /home/LoOtGobLiN/Pictures/Wallpaper/Genshin_Fischl.png'
INFO: 2025-10-25 20:45:26,387: trigger_download() 'Triggering download thread to check if download needed and possible'
INFO: 2025-10-25 20:50:25,243: regular_change_thread() 'regular_change changes wallpaper'
INFO: 2025-10-25 20:50:25,243: set_wallpaper() 'Calling set_wallpaper with /home/LoOtGobLiN/Pictures/Wallpaper/Genshin_Hutao.png'
INFO: 2025-10-25 20:50:25,244: do_set_wp() 'Calling do_set_wp with /home/LoOtGobLiN/Pictures/Wallpaper/Genshin_Hutao.png, time: 1761421825.2448235'
INFO: 2025-10-25 20:50:25,245: prepare_thread() 'Prepared buffer contains 71 images'
INFO: 2025-10-25 20:50:25,378: update_indicator() 'Setting file info to: /home/LoOtGobLiN/Pictures/Wallpaper/Genshin_Hutao.png'
INFO: 2025-10-25 20:50:27,247: trigger_download() 'Triggering download thread to check if download needed and possible'
INFO: 2025-10-25 20:55:26,580: regular_change_thread() 'regular_change changes wallpaper'
INFO: 2025-10-25 20:55:26,590: set_wallpaper() 'Calling set_wallpaper with /home/LoOtGobLiN/Pictures/Wallpaper/1620262300551.jpg'
INFO: 2025-10-25 20:55:26,591: prepare_thread() 'Prepared buffer contains 70 images'
INFO: 2025-10-25 20:55:26,593: do_set_wp() 'Calling do_set_wp with /home/LoOtGobLiN/Pictures/Wallpaper/1620262300551.jpg, time: 1761422126.593029'
INFO: 2025-10-25 20:55:26,736: update_indicator() 'Setting file info to: /home/LoOtGobLiN/Pictures/Wallpaper/1620262300551.jpg'
INFO: 2025-10-25 20:55:28,600: trigger_download() 'Triggering download thread to check if download needed and possible'
INFO: 2025-10-25 20:56:29,462: set_wallpaper() 'Calling set_wallpaper with /home/LoOtGobLiN/Pictures/Wallpaper/Wuthering_Shorekeeper_8.png'
INFO: 2025-10-25 20:56:29,464: prepare_thread() 'Prepared buffer contains 69 images'
INFO: 2025-10-25 20:56:29,465: do_set_wp() 'Calling do_set_wp with /home/LoOtGobLiN/Pictures/Wallpaper/Wuthering_Shorekeeper_8.png, time: 1761422189.4652066'
INFO: 2025-10-25 20:56:29,575: update_indicator() 'Setting file info to: /home/LoOtGobLiN/Pictures/Wallpaper/Wuthering_Shorekeeper_8.png'
INFO: 2025-10-25 20:56:31,465: trigger_download() 'Triggering download thread to check if download needed and possible'
INFO: 2025-10-25 21:01:30,879: regular_change_thread() 'regular_change changes wallpaper'
INFO: 2025-10-25 21:01:30,883: set_wallpaper() 'Calling set_wallpaper with /home/LoOtGobLiN/Pictures/Wallpaper/Fantasy-Landscape2.png'
INFO: 2025-10-25 21:01:30,884: prepare_thread() 'Prepared buffer contains 68 images'
INFO: 2025-10-25 21:01:30,886: do_set_wp() 'Calling do_set_wp with /home/LoOtGobLiN/Pictures/Wallpaper/Fantasy-Landscape2.png, time: 1761422490.8863053'
INFO: 2025-10-25 21:01:30,989: update_indicator() 'Setting file info to: /home/LoOtGobLiN/Pictures/Wallpaper/Fantasy-Landscape2.png'
INFO: 2025-10-25 21:01:33,044: trigger_download() 'Triggering download thread to check if download needed and possible'
INFO: 2025-10-25 21:06:32,457: regular_change_thread() 'regular_change changes wallpaper'
INFO: 2025-10-25 21:06:32,457: set_wallpaper() 'Calling set_wallpaper with /home/LoOtGobLiN/Pictures/Wallpaper/Messy-Room.jpg'
INFO: 2025-10-25 21:06:32,458: prepare_thread() 'Prepared buffer contains 67 images'
INFO: 2025-10-25 21:06:32,458: do_set_wp() 'Calling do_set_wp with /home/LoOtGobLiN/Pictures/Wallpaper/Messy-Room.jpg, time: 1761422792.458433'
INFO: 2025-10-25 21:06:32,500: update_indicator() 'Setting file info to: /home/LoOtGobLiN/Pictures/Wallpaper/Messy-Room.jpg'
INFO: 2025-10-25 21:06:34,460: trigger_download() 'Triggering download thread to check if download needed and possible'
INFO: 2025-10-25 21:11:33,811: regular_change_thread() 'regular_change changes wallpaper'
INFO: 2025-10-25 21:11:33,812: set_wallpaper() 'Calling set_wallpaper with /home/LoOtGobLiN/Pictures/Wallpaper/Under_Starlit_Sky.png'
INFO: 2025-10-25 21:11:33,813: prepare_thread() 'Prepared buffer contains 66 images'
INFO: 2025-10-25 21:11:33,814: do_set_wp() 'Calling do_set_wp with /home/LoOtGobLiN/Pictures/Wallpaper/Under_Starlit_Sky.png, time: 1761423093.8141854'
INFO: 2025-10-25 21:11:33,909: update_indicator() 'Setting file info to: /home/LoOtGobLiN/Pictures/Wallpaper/Under_Starlit_Sky.png'
INFO: 2025-10-25 21:11:35,827: trigger_download() 'Triggering download thread to check if download needed and possible'
INFO: 2025-10-25 21:16:35,426: regular_change_thread() 'regular_change changes wallpaper'
INFO: 2025-10-25 21:16:35,426: set_wallpaper() 'Calling set_wallpaper with /home/LoOtGobLiN/Pictures/Wallpaper/wallhaven-e875dw_1920x1080.png'
INFO: 2025-10-25 21:16:35,426: prepare_thread() 'Prepared buffer contains 65 images'
INFO: 2025-10-25 21:16:35,427: do_set_wp() 'Calling do_set_wp with /home/LoOtGobLiN/Pictures/Wallpaper/wallhaven-e875dw_1920x1080.png, time: 1761423395.427315'
INFO: 2025-10-25 21:16:35,462: update_indicator() 'Setting file info to: /home/LoOtGobLiN/Pictures/Wallpaper/wallhaven-e875dw_1920x1080.png'
INFO: 2025-10-25 21:16:37,434: trigger_download() 'Triggering download thread to check if download needed and possible'
INFO: 2025-10-25 21:21:36,648: regular_change_thread() 'regular_change changes wallpaper'
INFO: 2025-10-25 21:21:36,648: set_wallpaper() 'Calling set_wallpaper with /home/LoOtGobLiN/Pictures/Wallpaper/1M8vzGt.jpg'
INFO: 2025-10-25 21:21:36,650: do_set_wp() 'Calling do_set_wp with /home/LoOtGobLiN/Pictures/Wallpaper/1M8vzGt.jpg, time: 1761423696.6502929'
INFO: 2025-10-25 21:21:36,651: prepare_thread() 'Prepared buffer contains 64 images'
INFO: 2025-10-25 21:21:36,730: update_indicator() 'Setting file info to: /home/LoOtGobLiN/Pictures/Wallpaper/1M8vzGt.jpg'
INFO: 2025-10-25 21:21:38,653: trigger_download() 'Triggering download thread to check if download needed and possible'
INFO: 2025-10-25 21:26:38,117: regular_change_thread() 'regular_change changes wallpaper'
INFO: 2025-10-25 21:26:38,118: set_wallpaper() 'Calling set_wallpaper with /home/LoOtGobLiN/Pictures/Wallpaper/Fantasy-Japanese-Street.png'
INFO: 2025-10-25 21:26:38,118: prepare_thread() 'Prepared buffer contains 63 images'
INFO: 2025-10-25 21:26:38,119: do_set_wp() 'Calling do_set_wp with /home/LoOtGobLiN/Pictures/Wallpaper/Fantasy-Japanese-Street.png, time: 1761423998.1194613'
INFO: 2025-10-25 21:26:38,219: update_indicator() 'Setting file info to: /home/LoOtGobLiN/Pictures/Wallpaper/Fantasy-Japanese-Street.png'
INFO: 2025-10-25 21:26:40,119: trigger_download() 'Triggering download thread to check if download needed and possible'
INFO: 2025-10-25 21:31:39,323: regular_change_thread() 'regular_change changes wallpaper'
INFO: 2025-10-25 21:31:39,323: set_wallpaper() 'Calling set_wallpaper with /home/LoOtGobLiN/Pictures/Wallpaper/acs8391_anime_style_anime_composition_kyoto_animation_studio_Th_3fa00f6e-1eaa-4d81-8b9a-a90f762e9201-3.png'
INFO: 2025-10-25 21:31:39,323: prepare_thread() 'Prepared buffer contains 62 images'
INFO: 2025-10-25 21:31:39,324: do_set_wp() 'Calling do_set_wp with /home/LoOtGobLiN/Pictures/Wallpaper/acs8391_anime_style_anime_composition_kyoto_animation_studio_Th_3fa00f6e-1eaa-4d81-8b9a-a90f762e9201-3.png, time: 1761424299.32411'
INFO: 2025-10-25 21:31:39,364: update_indicator() 'Setting file info to: /home/LoOtGobLiN/Pictures/Wallpaper/acs8391_anime_style_anime_composition_kyoto_animation_studio_Th_3fa00f6e-1eaa-4d81-8b9a-a90f762e9201-3.png'
INFO: 2025-10-25 21:31:41,327: trigger_download() 'Triggering download thread to check if download needed and possible'
INFO: 2025-10-25 21:36:40,127: regular_change_thread() 'regular_change changes wallpaper'
INFO: 2025-10-25 21:36:40,128: set_wallpaper() 'Calling set_wallpaper with /home/LoOtGobLiN/Pictures/Wallpaper/StarRail_Sparkle.png'
INFO: 2025-10-25 21:36:40,128: do_set_wp() 'Calling do_set_wp with /home/LoOtGobLiN/Pictures/Wallpaper/StarRail_Sparkle.png, time: 1761424600.1284215'
INFO: 2025-10-25 21:36:40,128: prepare_thread() 'Prepared buffer contains 61 images'
INFO: 2025-10-25 21:36:40,376: update_indicator() 'Setting file info to: /home/LoOtGobLiN/Pictures/Wallpaper/StarRail_Sparkle.png'
INFO: 2025-10-25 21:36:42,130: trigger_download() 'Triggering download thread to check if download needed and possible'
INFO: 2025-10-25 21:41:41,362: regular_change_thread() 'regular_change changes wallpaper'
INFO: 2025-10-25 21:41:41,370: set_wallpaper() 'Calling set_wallpaper with /home/LoOtGobLiN/Pictures/Wallpaper/Genshin_Lumine_8.png'
INFO: 2025-10-25 21:41:41,370: prepare_thread() 'Prepared buffer contains 60 images'
INFO: 2025-10-25 21:41:41,377: do_set_wp() 'Calling do_set_wp with /home/LoOtGobLiN/Pictures/Wallpaper/Genshin_Lumine_8.png, time: 1761424901.377374'
INFO: 2025-10-25 21:41:41,438: update_indicator() 'Setting file info to: /home/LoOtGobLiN/Pictures/Wallpaper/Genshin_Lumine_8.png'
INFO: 2025-10-25 21:41:43,378: trigger_download() 'Triggering download thread to check if download needed and possible'
INFO: 2025-10-25 21:46:42,806: regular_change_thread() 'regular_change changes wallpaper'
INFO: 2025-10-25 21:46:42,806: set_wallpaper() 'Calling set_wallpaper with /home/LoOtGobLiN/Pictures/Wallpaper/Fantasy-Snow-Valley.png'
INFO: 2025-10-25 21:46:42,806: prepare_thread() 'Prepared buffer contains 59 images'
INFO: 2025-10-25 21:46:42,806: do_set_wp() 'Calling do_set_wp with /home/LoOtGobLiN/Pictures/Wallpaper/Fantasy-Snow-Valley.png, time: 1761425202.8069856'
INFO: 2025-10-25 21:46:42,854: update_indicator() 'Setting file info to: /home/LoOtGobLiN/Pictures/Wallpaper/Fantasy-Snow-Valley.png'
INFO: 2025-10-25 21:46:44,810: trigger_download() 'Triggering download thread to check if download needed and possible'
INFO: 2025-10-25 21:51:44,037: regular_change_thread() 'regular_change changes wallpaper'
INFO: 2025-10-25 21:51:44,038: set_wallpaper() 'Calling set_wallpaper with /home/LoOtGobLiN/Pictures/Wallpaper/sakura-bw.png'
INFO: 2025-10-25 21:51:44,038: prepare_thread() 'Prepared buffer contains 58 images'
INFO: 2025-10-25 21:51:44,039: do_set_wp() 'Calling do_set_wp with /home/LoOtGobLiN/Pictures/Wallpaper/sakura-bw.png, time: 1761425504.039243'
INFO: 2025-10-25 21:51:44,176: update_indicator() 'Setting file info to: /home/LoOtGobLiN/Pictures/Wallpaper/sakura-bw.png'
INFO: 2025-10-25 21:51:46,054: trigger_download() 'Triggering download thread to check if download needed and possible'
INFO: 2025-10-25 21:56:46,716: regular_change_thread() 'regular_change changes wallpaper'
INFO: 2025-10-25 21:56:46,716: set_wallpaper() 'Calling set_wallpaper with /home/LoOtGobLiN/Pictures/Wallpaper/1347163.png'
INFO: 2025-10-25 21:56:46,717: do_set_wp() 'Calling do_set_wp with /home/LoOtGobLiN/Pictures/Wallpaper/1347163.png, time: 1761425806.7176151'
INFO: 2025-10-25 21:56:46,717: prepare_thread() 'Prepared buffer contains 57 images'
INFO: 2025-10-25 21:56:46,729: apply_display_mode() 'ImageMagick display mode cmd: convert /home/LoOtGobLiN/Pictures/Wallpaper/1347163.png -resize 1920x1080^ -gravity center -extent 1920x1080 -scale 10% -blur 0x3 -resize 1000% -clone 0 -resize 1920x1080 -size 1920x1080 -gravity center -composite /home/LoOtGobLiN/.config/variety/wallpaper/wallpaper-zoomed-061e4f3464b9d2296c166f82e1cc223f.jpg'
INFO: 2025-10-25 21:56:47,602: update_indicator() 'Setting file info to: /home/LoOtGobLiN/Pictures/Wallpaper/1347163.png'
INFO: 2025-10-25 21:56:48,721: trigger_download() 'Triggering download thread to check if download needed and possible'
INFO: 2025-10-25 22:01:48,378: regular_change_thread() 'regular_change changes wallpaper'
INFO: 2025-10-25 22:01:48,379: set_wallpaper() 'Calling set_wallpaper with /home/LoOtGobLiN/Pictures/Wallpaper/Bonsai-Plant.png'
INFO: 2025-10-25 22:01:48,379: do_set_wp() 'Calling do_set_wp with /home/LoOtGobLiN/Pictures/Wallpaper/Bonsai-Plant.png, time: 1761426108.379565'
INFO: 2025-10-25 22:01:48,379: prepare_thread() 'Prepared buffer contains 56 images'
INFO: 2025-10-25 22:01:48,476: update_indicator() 'Setting file info to: /home/LoOtGobLiN/Pictures/Wallpaper/Bonsai-Plant.png'
INFO: 2025-10-25 22:01:50,386: trigger_download() 'Triggering download thread to check if download needed and possible'
INFO: 2025-10-25 22:06:49,699: regular_change_thread() 'regular_change changes wallpaper'
INFO: 2025-10-25 22:06:49,726: set_wallpaper() 'Calling set_wallpaper with /home/LoOtGobLiN/Pictures/Wallpaper/girl_neko_moon_1086800_1920x1080.jpg'
INFO: 2025-10-25 22:06:49,726: prepare_thread() 'Prepared buffer contains 55 images'
INFO: 2025-10-25 22:06:49,738: do_set_wp() 'Calling do_set_wp with /home/LoOtGobLiN/Pictures/Wallpaper/girl_neko_moon_1086800_1920x1080.jpg, time: 1761426409.7387335'
INFO: 2025-10-25 22:06:49,909: update_indicator() 'Setting file info to: /home/LoOtGobLiN/Pictures/Wallpaper/girl_neko_moon_1086800_1920x1080.jpg'
INFO: 2025-10-25 22:06:51,766: trigger_download() 'Triggering download thread to check if download needed and possible'
INFO: 2025-10-25 22:11:52,532: regular_change_thread() 'regular_change changes wallpaper'
INFO: 2025-10-25 22:11:52,532: set_wallpaper() 'Calling set_wallpaper with /home/LoOtGobLiN/Pictures/Wallpaper/Fantasy-Autumn.png'
INFO: 2025-10-25 22:11:52,533: do_set_wp() 'Calling do_set_wp with /home/LoOtGobLiN/Pictures/Wallpaper/Fantasy-Autumn.png, time: 1761426712.5334694'
INFO: 2025-10-25 22:11:52,533: prepare_thread() 'Prepared buffer contains 54 images'
INFO: 2025-10-25 22:11:52,595: update_indicator() 'Setting file info to: /home/LoOtGobLiN/Pictures/Wallpaper/Fantasy-Autumn.png'
INFO: 2025-10-25 22:11:54,535: trigger_download() 'Triggering download thread to check if download needed and possible'
INFO: 2025-10-25 22:16:53,829: regular_change_thread() 'regular_change changes wallpaper'
INFO: 2025-10-25 22:16:53,829: set_wallpaper() 'Calling set_wallpaper with /home/LoOtGobLiN/Pictures/Wallpaper/Arch-chan_to.png'
INFO: 2025-10-25 22:16:53,830: do_set_wp() 'Calling do_set_wp with /home/LoOtGobLiN/Pictures/Wallpaper/Arch-chan_to.png, time: 1761427013.830501'
INFO: 2025-10-25 22:16:53,831: prepare_thread() 'Prepared buffer contains 53 images'
INFO: 2025-10-25 22:16:53,944: update_indicator() 'Setting file info to: /home/LoOtGobLiN/Pictures/Wallpaper/Arch-chan_to.png'
INFO: 2025-10-25 22:16:55,881: trigger_download() 'Triggering download thread to check if download needed and possible'
INFO: 2025-10-25 22:21:56,144: regular_change_thread() 'regular_change changes wallpaper'
INFO: 2025-10-25 22:21:56,144: set_wallpaper() 'Calling set_wallpaper with /home/LoOtGobLiN/Pictures/Wallpaper/Genshin_Escoffier.png'
INFO: 2025-10-25 22:21:56,145: do_set_wp() 'Calling do_set_wp with /home/LoOtGobLiN/Pictures/Wallpaper/Genshin_Escoffier.png, time: 1761427316.1451633'
INFO: 2025-10-25 22:21:56,147: prepare_thread() 'Prepared buffer contains 52 images'
INFO: 2025-10-25 22:21:56,217: update_indicator() 'Setting file info to: /home/LoOtGobLiN/Pictures/Wallpaper/Genshin_Escoffier.png'
INFO: 2025-10-25 22:21:58,149: trigger_download() 'Triggering download thread to check if download needed and possible'
INFO: 2025-10-25 22:26:57,270: regular_change_thread() 'regular_change changes wallpaper'
INFO: 2025-10-25 22:26:57,270: set_wallpaper() 'Calling set_wallpaper with /home/LoOtGobLiN/Pictures/Wallpaper/wallhaven-rd5dvm_1920x1080.png'
INFO: 2025-10-25 22:26:57,270: prepare_thread() 'Prepared buffer contains 51 images'
INFO: 2025-10-25 22:26:57,271: do_set_wp() 'Calling do_set_wp with /home/LoOtGobLiN/Pictures/Wallpaper/wallhaven-rd5dvm_1920x1080.png, time: 1761427617.2711573'
INFO: 2025-10-25 22:26:57,322: update_indicator() 'Setting file info to: /home/LoOtGobLiN/Pictures/Wallpaper/wallhaven-rd5dvm_1920x1080.png'
INFO: 2025-10-25 22:26:59,274: trigger_download() 'Triggering download thread to check if download needed and possible'
INFO: 2025-10-25 22:31:58,231: regular_change_thread() 'regular_change changes wallpaper'
INFO: 2025-10-25 22:31:58,231: set_wallpaper() 'Calling set_wallpaper with /home/LoOtGobLiN/Pictures/Wallpaper/Garage.jpg'
INFO: 2025-10-25 22:31:58,232: do_set_wp() 'Calling do_set_wp with /home/LoOtGobLiN/Pictures/Wallpaper/Garage.jpg, time: 1761427918.232294'
INFO: 2025-10-25 22:31:58,232: prepare_thread() 'Prepared buffer contains 50 images'
INFO: 2025-10-25 22:31:58,278: update_indicator() 'Setting file info to: /home/LoOtGobLiN/Pictures/Wallpaper/Garage.jpg'
INFO: 2025-10-25 22:32:00,239: trigger_download() 'Triggering download thread to check if download needed and possible'
INFO: 2025-10-25 22:37:00,011: regular_change_thread() 'regular_change changes wallpaper'
INFO: 2025-10-25 22:37:00,012: set_wallpaper() 'Calling set_wallpaper with /home/LoOtGobLiN/Pictures/Wallpaper/bluelilies.jpg'
INFO: 2025-10-25 22:37:00,012: prepare_thread() 'Prepared buffer contains 49 images'
INFO: 2025-10-25 22:37:00,014: do_set_wp() 'Calling do_set_wp with /home/LoOtGobLiN/Pictures/Wallpaper/bluelilies.jpg, time: 1761428220.0146556'
INFO: 2025-10-25 22:37:00,018: apply_display_mode() 'ImageMagick display mode cmd: convert /home/LoOtGobLiN/Pictures/Wallpaper/bluelilies.jpg -resize 1920x1080^ -gravity center -extent 1920x1080 -scale 10% -blur 0x3 -resize 1000% -clone 0 -resize 1920x1080 -size 1920x1080 -gravity center -composite /home/LoOtGobLiN/.config/variety/wallpaper/wallpaper-zoomed-6b1e8c945b1b8dd81766c5ed7eb38d62.jpg'
INFO: 2025-10-25 22:37:00,402: update_indicator() 'Setting file info to: /home/LoOtGobLiN/Pictures/Wallpaper/bluelilies.jpg'
INFO: 2025-10-25 22:37:02,023: trigger_download() 'Triggering download thread to check if download needed and possible'
INFO: 2025-10-25 22:42:01,253: regular_change_thread() 'regular_change changes wallpaper'
INFO: 2025-10-25 22:42:01,253: set_wallpaper() 'Calling set_wallpaper with /home/LoOtGobLiN/Pictures/Wallpaper/0345.jpg'
INFO: 2025-10-25 22:42:01,254: prepare_thread() 'Prepared buffer contains 48 images'
INFO: 2025-10-25 22:42:01,255: do_set_wp() 'Calling do_set_wp with /home/LoOtGobLiN/Pictures/Wallpaper/0345.jpg, time: 1761428521.2552626'
INFO: 2025-10-25 22:42:01,285: update_indicator() 'Setting file info to: /home/LoOtGobLiN/Pictures/Wallpaper/0345.jpg'
INFO: 2025-10-25 22:42:03,298: trigger_download() 'Triggering download thread to check if download needed and possible'
INFO: 2025-10-25 22:47:03,672: regular_change_thread() 'regular_change changes wallpaper'
INFO: 2025-10-25 22:47:03,672: set_wallpaper() 'Calling set_wallpaper with /home/LoOtGobLiN/Pictures/Wallpaper/wallhaven-e87mqo_1920x1080.png'
INFO: 2025-10-25 22:47:03,672: do_set_wp() 'Calling do_set_wp with /home/LoOtGobLiN/Pictures/Wallpaper/wallhaven-e87mqo_1920x1080.png, time: 1761428823.6729548'
INFO: 2025-10-25 22:47:03,673: prepare_thread() 'Prepared buffer contains 47 images'
INFO: 2025-10-25 22:47:03,734: update_indicator() 'Setting file info to: /home/LoOtGobLiN/Pictures/Wallpaper/wallhaven-e87mqo_1920x1080.png'
INFO: 2025-10-25 22:47:05,674: trigger_download() 'Triggering download thread to check if download needed and possible'
INFO: 2025-10-25 22:52:04,621: regular_change_thread() 'regular_change changes wallpaper'
INFO: 2025-10-25 22:52:04,621: set_wallpaper() 'Calling set_wallpaper with /home/LoOtGobLiN/Pictures/Wallpaper/Anime-Purple-eyes.png'
INFO: 2025-10-25 22:52:04,622: do_set_wp() 'Calling do_set_wp with /home/LoOtGobLiN/Pictures/Wallpaper/Anime-Purple-eyes.png, time: 1761429124.6222718'
INFO: 2025-10-25 22:52:04,622: prepare_thread() 'Prepared buffer contains 46 images'
INFO: 2025-10-25 22:52:04,805: update_indicator() 'Setting file info to: /home/LoOtGobLiN/Pictures/Wallpaper/Anime-Purple-eyes.png'
INFO: 2025-10-25 22:52:06,623: trigger_download() 'Triggering download thread to check if download needed and possible'
